This is pdfTeX, Version 3.141592653-2.6-1.40.23 (TeX Live 2021/W32TeX) (preloaded format=pdflatex 2021.7.7)  9 JUL 2021 14:11
entering extended mode
 restricted \write18 enabled.
 %&-line parsing enabled.
**1B-Lecture-Bias-Variance-trade-off.tex
(./1B-Lecture-Bias-Variance-trade-off.tex
LaTeX2e <2021-06-01> patch level 1
L3 programming layer <2021-06-18>
(c:/Users/cruyf101/AppData/Roaming/TinyTeX/texmf-dist/tex/latex/beamer/beamer.c
ls
Document Class: beamer 2021/05/26 v3.63 A class for typesetting presentations

(c:/Users/cruyf101/AppData/Roaming/TinyTeX/texmf-dist/tex/latex/beamer/beamerba
semodes.sty
(c:/Users/cruyf101/AppData/Roaming/TinyTeX/texmf-dist/tex/latex/etoolbox/etoolb
ox.sty
Package: etoolbox 2020/10/05 v2.5k e-TeX tools for LaTeX (JAW)
\etb@tempcnta=\count182
)
\beamer@tempbox=\box50
\beamer@tempcount=\count183
\c@beamerpauses=\count184

(c:/Users/cruyf101/AppData/Roaming/TinyTeX/texmf-dist/tex/latex/beamer/beamerba
sedecode.sty
\beamer@slideinframe=\count185
\beamer@minimum=\count186
\beamer@decode@box=\box51
)
\beamer@commentbox=\box52
\beamer@modecount=\count187
)
(c:/Users/cruyf101/AppData/Roaming/TinyTeX/texmf-dist/tex/generic/iftex/ifpdf.s
ty
Package: ifpdf 2019/10/25 v3.4 ifpdf legacy package. Use iftex instead.

(c:/Users/cruyf101/AppData/Roaming/TinyTeX/texmf-dist/tex/generic/iftex/iftex.s
ty
Package: iftex 2020/03/06 v1.0d TeX engine tests
))
\headdp=\dimen138
\footheight=\dimen139
\sidebarheight=\dimen140
\beamer@tempdim=\dimen141
\beamer@finalheight=\dimen142
\beamer@animht=\dimen143
\beamer@animdp=\dimen144
\beamer@animwd=\dimen145
\beamer@leftmargin=\dimen146
\beamer@rightmargin=\dimen147
\beamer@leftsidebar=\dimen148
\beamer@rightsidebar=\dimen149
\beamer@boxsize=\dimen150
\beamer@vboxoffset=\dimen151
\beamer@descdefault=\dimen152
\beamer@descriptionwidth=\dimen153
\beamer@lastskip=\skip47
\beamer@areabox=\box53
\beamer@animcurrent=\box54
\beamer@animshowbox=\box55
\beamer@sectionbox=\box56
\beamer@logobox=\box57
\beamer@linebox=\box58
\beamer@sectioncount=\count188
\beamer@subsubsectionmax=\count189
\beamer@subsectionmax=\count190
\beamer@sectionmax=\count191
\beamer@totalheads=\count192
\beamer@headcounter=\count193
\beamer@partstartpage=\count194
\beamer@sectionstartpage=\count195
\beamer@subsectionstartpage=\count196
\beamer@animationtempa=\count197
\beamer@animationtempb=\count198
\beamer@xpos=\count199
\beamer@ypos=\count266
\beamer@ypos@offset=\count267
\beamer@showpartnumber=\count268
\beamer@currentsubsection=\count269
\beamer@coveringdepth=\count270
\beamer@sectionadjust=\count271
\beamer@toclastsection=\count272
\beamer@tocsectionnumber=\count273

(c:/Users/cruyf101/AppData/Roaming/TinyTeX/texmf-dist/tex/latex/beamer/beamerba
seoptions.sty
(c:/Users/cruyf101/AppData/Roaming/TinyTeX/texmf-dist/tex/latex/graphics/keyval
.sty
Package: keyval 2014/10/28 v1.15 key=value parser (DPC)
\KV@toks@=\toks16
))
\beamer@paperwidth=\skip48
\beamer@paperheight=\skip49

(c:/Users/cruyf101/AppData/Roaming/TinyTeX/texmf-dist/tex/latex/geometry/geomet
ry.sty
Package: geometry 2020/01/02 v5.9 Page Geometry

(c:/Users/cruyf101/AppData/Roaming/TinyTeX/texmf-dist/tex/generic/iftex/ifvtex.
sty
Package: ifvtex 2019/10/25 v1.7 ifvtex legacy package. Use iftex instead.
)
\Gm@cnth=\count274
\Gm@cntv=\count275
\c@Gm@tempcnt=\count276
\Gm@bindingoffset=\dimen154
\Gm@wd@mp=\dimen155
\Gm@odd@mp=\dimen156
\Gm@even@mp=\dimen157
\Gm@layoutwidth=\dimen158
\Gm@layoutheight=\dimen159
\Gm@layouthoffset=\dimen160
\Gm@layoutvoffset=\dimen161
\Gm@dimlist=\toks17
)
(c:/Users/cruyf101/AppData/Roaming/TinyTeX/texmf-dist/tex/latex/base/size10.clo
File: size10.clo 2021/02/12 v1.4n Standard LaTeX file (size option)
)
(c:/Users/cruyf101/AppData/Roaming/TinyTeX/texmf-dist/tex/latex/pgf/basiclayer/
pgfcore.sty
(c:/Users/cruyf101/AppData/Roaming/TinyTeX/texmf-dist/tex/latex/graphics/graphi
cx.sty
Package: graphicx 2020/12/05 v1.2c Enhanced LaTeX Graphics (DPC,SPQR)

(c:/Users/cruyf101/AppData/Roaming/TinyTeX/texmf-dist/tex/latex/graphics/graphi
cs.sty
Package: graphics 2021/03/04 v1.4d Standard LaTeX Graphics (DPC,SPQR)

(c:/Users/cruyf101/AppData/Roaming/TinyTeX/texmf-dist/tex/latex/graphics/trig.s
ty
Package: trig 2016/01/03 v1.10 sin cos tan (DPC)
)
(c:/Users/cruyf101/AppData/Roaming/TinyTeX/texmf-dist/tex/latex/graphics-cfg/gr
aphics.cfg
File: graphics.cfg 2016/06/04 v1.11 sample graphics configuration
)
Package graphics Info: Driver file: pdftex.def on input line 107.

(c:/Users/cruyf101/AppData/Roaming/TinyTeX/texmf-dist/tex/latex/graphics-def/pd
ftex.def
File: pdftex.def 2020/10/05 v1.2a Graphics/color driver for pdftex
))
\Gin@req@height=\dimen162
\Gin@req@width=\dimen163
)
(c:/Users/cruyf101/AppData/Roaming/TinyTeX/texmf-dist/tex/latex/pgf/systemlayer
/pgfsys.sty
(c:/Users/cruyf101/AppData/Roaming/TinyTeX/texmf-dist/tex/latex/pgf/utilities/p
gfrcs.sty
(c:/Users/cruyf101/AppData/Roaming/TinyTeX/texmf-dist/tex/generic/pgf/utilities
/pgfutil-common.tex
\pgfutil@everybye=\toks18
\pgfutil@tempdima=\dimen164
\pgfutil@tempdimb=\dimen165

(c:/Users/cruyf101/AppData/Roaming/TinyTeX/texmf-dist/tex/generic/pgf/utilities
/pgfutil-common-lists.tex))
(c:/Users/cruyf101/AppData/Roaming/TinyTeX/texmf-dist/tex/generic/pgf/utilities
/pgfutil-latex.def
\pgfutil@abb=\box59
)
(c:/Users/cruyf101/AppData/Roaming/TinyTeX/texmf-dist/tex/generic/pgf/utilities
/pgfrcs.code.tex
(c:/Users/cruyf101/AppData/Roaming/TinyTeX/texmf-dist/tex/generic/pgf/pgf.revis
ion.tex)
Package: pgfrcs 2021/05/15 v3.1.9a (3.1.9a)
))
(c:/Users/cruyf101/AppData/Roaming/TinyTeX/texmf-dist/tex/generic/pgf/systemlay
er/pgfsys.code.tex
Package: pgfsys 2021/05/15 v3.1.9a (3.1.9a)

(c:/Users/cruyf101/AppData/Roaming/TinyTeX/texmf-dist/tex/generic/pgf/utilities
/pgfkeys.code.tex
\pgfkeys@pathtoks=\toks19
\pgfkeys@temptoks=\toks20

(c:/Users/cruyf101/AppData/Roaming/TinyTeX/texmf-dist/tex/generic/pgf/utilities
/pgfkeysfiltered.code.tex
\pgfkeys@tmptoks=\toks21
))
\pgf@x=\dimen166
\pgf@y=\dimen167
\pgf@xa=\dimen168
\pgf@ya=\dimen169
\pgf@xb=\dimen170
\pgf@yb=\dimen171
\pgf@xc=\dimen172
\pgf@yc=\dimen173
\pgf@xd=\dimen174
\pgf@yd=\dimen175
\w@pgf@writea=\write3
\r@pgf@reada=\read2
\c@pgf@counta=\count277
\c@pgf@countb=\count278
\c@pgf@countc=\count279
\c@pgf@countd=\count280
\t@pgf@toka=\toks22
\t@pgf@tokb=\toks23
\t@pgf@tokc=\toks24
\pgf@sys@id@count=\count281

(c:/Users/cruyf101/AppData/Roaming/TinyTeX/texmf-dist/tex/generic/pgf/systemlay
er/pgf.cfg
File: pgf.cfg 2021/05/15 v3.1.9a (3.1.9a)
)
Driver file for pgf: pgfsys-pdftex.def

(c:/Users/cruyf101/AppData/Roaming/TinyTeX/texmf-dist/tex/generic/pgf/systemlay
er/pgfsys-pdftex.def
File: pgfsys-pdftex.def 2021/05/15 v3.1.9a (3.1.9a)

(c:/Users/cruyf101/AppData/Roaming/TinyTeX/texmf-dist/tex/generic/pgf/systemlay
er/pgfsys-common-pdf.def
File: pgfsys-common-pdf.def 2021/05/15 v3.1.9a (3.1.9a)
)))
(c:/Users/cruyf101/AppData/Roaming/TinyTeX/texmf-dist/tex/generic/pgf/systemlay
er/pgfsyssoftpath.code.tex
File: pgfsyssoftpath.code.tex 2021/05/15 v3.1.9a (3.1.9a)
\pgfsyssoftpath@smallbuffer@items=\count282
\pgfsyssoftpath@bigbuffer@items=\count283
)
(c:/Users/cruyf101/AppData/Roaming/TinyTeX/texmf-dist/tex/generic/pgf/systemlay
er/pgfsysprotocol.code.tex
File: pgfsysprotocol.code.tex 2021/05/15 v3.1.9a (3.1.9a)
))
(c:/Users/cruyf101/AppData/Roaming/TinyTeX/texmf-dist/tex/latex/xcolor/xcolor.s
ty
Package: xcolor 2016/05/11 v2.12 LaTeX color extensions (UK)

(c:/Users/cruyf101/AppData/Roaming/TinyTeX/texmf-dist/tex/latex/graphics-cfg/co
lor.cfg
File: color.cfg 2016/01/02 v1.6 sample color configuration
)
Package xcolor Info: Driver file: pdftex.def on input line 225.
Package xcolor Info: Model `cmy' substituted by `cmy0' on input line 1348.
Package xcolor Info: Model `hsb' substituted by `rgb' on input line 1352.
Package xcolor Info: Model `RGB' extended on input line 1364.
Package xcolor Info: Model `HTML' substituted by `rgb' on input line 1366.
Package xcolor Info: Model `Hsb' substituted by `hsb' on input line 1367.
Package xcolor Info: Model `tHsb' substituted by `hsb' on input line 1368.
Package xcolor Info: Model `HSB' substituted by `hsb' on input line 1369.
Package xcolor Info: Model `Gray' substituted by `gray' on input line 1370.
Package xcolor Info: Model `wave' substituted by `hsb' on input line 1371.

(c:/Users/cruyf101/AppData/Roaming/TinyTeX/texmf-dist/tex/latex/graphics/dvipsn
am.def
File: dvipsnam.def 2016/06/17 v3.0m Driver-dependent file (DPC,SPQR)
)
(c:/Users/cruyf101/AppData/Roaming/TinyTeX/texmf-dist/tex/latex/xcolor/svgnam.d
ef
File: svgnam.def 2016/05/11 v2.12 Predefined colors according to SVG 1.1 (UK)
)
(c:/Users/cruyf101/AppData/Roaming/TinyTeX/texmf-dist/tex/latex/xcolor/x11nam.d
ef
File: x11nam.def 2016/05/11 v2.12 Predefined colors according to Unix/X11 (UK)
))
(c:/Users/cruyf101/AppData/Roaming/TinyTeX/texmf-dist/tex/generic/pgf/basiclaye
r/pgfcore.code.tex
Package: pgfcore 2021/05/15 v3.1.9a (3.1.9a)

(c:/Users/cruyf101/AppData/Roaming/TinyTeX/texmf-dist/tex/generic/pgf/math/pgfm
ath.code.tex
(c:/Users/cruyf101/AppData/Roaming/TinyTeX/texmf-dist/tex/generic/pgf/math/pgfm
athcalc.code.tex
(c:/Users/cruyf101/AppData/Roaming/TinyTeX/texmf-dist/tex/generic/pgf/math/pgfm
athutil.code.tex)
(c:/Users/cruyf101/AppData/Roaming/TinyTeX/texmf-dist/tex/generic/pgf/math/pgfm
athparser.code.tex
\pgfmath@dimen=\dimen176
\pgfmath@count=\count284
\pgfmath@box=\box60
\pgfmath@toks=\toks25
\pgfmath@stack@operand=\toks26
\pgfmath@stack@operation=\toks27
)
(c:/Users/cruyf101/AppData/Roaming/TinyTeX/texmf-dist/tex/generic/pgf/math/pgfm
athfunctions.code.tex
(c:/Users/cruyf101/AppData/Roaming/TinyTeX/texmf-dist/tex/generic/pgf/math/pgfm
athfunctions.basic.code.tex)
(c:/Users/cruyf101/AppData/Roaming/TinyTeX/texmf-dist/tex/generic/pgf/math/pgfm
athfunctions.trigonometric.code.tex)
(c:/Users/cruyf101/AppData/Roaming/TinyTeX/texmf-dist/tex/generic/pgf/math/pgfm
athfunctions.random.code.tex)
(c:/Users/cruyf101/AppData/Roaming/TinyTeX/texmf-dist/tex/generic/pgf/math/pgfm
athfunctions.comparison.code.tex)
(c:/Users/cruyf101/AppData/Roaming/TinyTeX/texmf-dist/tex/generic/pgf/math/pgfm
athfunctions.base.code.tex)
(c:/Users/cruyf101/AppData/Roaming/TinyTeX/texmf-dist/tex/generic/pgf/math/pgfm
athfunctions.round.code.tex)
(c:/Users/cruyf101/AppData/Roaming/TinyTeX/texmf-dist/tex/generic/pgf/math/pgfm
athfunctions.misc.code.tex)
(c:/Users/cruyf101/AppData/Roaming/TinyTeX/texmf-dist/tex/generic/pgf/math/pgfm
athfunctions.integerarithmetics.code.tex)))
(c:/Users/cruyf101/AppData/Roaming/TinyTeX/texmf-dist/tex/generic/pgf/math/pgfm
athfloat.code.tex
\c@pgfmathroundto@lastzeros=\count285
))
(c:/Users/cruyf101/AppData/Roaming/TinyTeX/texmf-dist/tex/generic/pgf/math/pgfi
nt.code.tex)
(c:/Users/cruyf101/AppData/Roaming/TinyTeX/texmf-dist/tex/generic/pgf/basiclaye
r/pgfcorepoints.code.tex
File: pgfcorepoints.code.tex 2021/05/15 v3.1.9a (3.1.9a)
\pgf@picminx=\dimen177
\pgf@picmaxx=\dimen178
\pgf@picminy=\dimen179
\pgf@picmaxy=\dimen180
\pgf@pathminx=\dimen181
\pgf@pathmaxx=\dimen182
\pgf@pathminy=\dimen183
\pgf@pathmaxy=\dimen184
\pgf@xx=\dimen185
\pgf@xy=\dimen186
\pgf@yx=\dimen187
\pgf@yy=\dimen188
\pgf@zx=\dimen189
\pgf@zy=\dimen190
)
(c:/Users/cruyf101/AppData/Roaming/TinyTeX/texmf-dist/tex/generic/pgf/basiclaye
r/pgfcorepathconstruct.code.tex
File: pgfcorepathconstruct.code.tex 2021/05/15 v3.1.9a (3.1.9a)
\pgf@path@lastx=\dimen191
\pgf@path@lasty=\dimen192
)
(c:/Users/cruyf101/AppData/Roaming/TinyTeX/texmf-dist/tex/generic/pgf/basiclaye
r/pgfcorepathusage.code.tex
File: pgfcorepathusage.code.tex 2021/05/15 v3.1.9a (3.1.9a)
\pgf@shorten@end@additional=\dimen193
\pgf@shorten@start@additional=\dimen194
)
(c:/Users/cruyf101/AppData/Roaming/TinyTeX/texmf-dist/tex/generic/pgf/basiclaye
r/pgfcorescopes.code.tex
File: pgfcorescopes.code.tex 2021/05/15 v3.1.9a (3.1.9a)
\pgfpic=\box61
\pgf@hbox=\box62
\pgf@layerbox@main=\box63
\pgf@picture@serial@count=\count286
)
(c:/Users/cruyf101/AppData/Roaming/TinyTeX/texmf-dist/tex/generic/pgf/basiclaye
r/pgfcoregraphicstate.code.tex
File: pgfcoregraphicstate.code.tex 2021/05/15 v3.1.9a (3.1.9a)
\pgflinewidth=\dimen195
)
(c:/Users/cruyf101/AppData/Roaming/TinyTeX/texmf-dist/tex/generic/pgf/basiclaye
r/pgfcoretransformations.code.tex
File: pgfcoretransformations.code.tex 2021/05/15 v3.1.9a (3.1.9a)
\pgf@pt@x=\dimen196
\pgf@pt@y=\dimen197
\pgf@pt@temp=\dimen198
)
(c:/Users/cruyf101/AppData/Roaming/TinyTeX/texmf-dist/tex/generic/pgf/basiclaye
r/pgfcorequick.code.tex
File: pgfcorequick.code.tex 2021/05/15 v3.1.9a (3.1.9a)
)
(c:/Users/cruyf101/AppData/Roaming/TinyTeX/texmf-dist/tex/generic/pgf/basiclaye
r/pgfcoreobjects.code.tex
File: pgfcoreobjects.code.tex 2021/05/15 v3.1.9a (3.1.9a)
)
(c:/Users/cruyf101/AppData/Roaming/TinyTeX/texmf-dist/tex/generic/pgf/basiclaye
r/pgfcorepathprocessing.code.tex
File: pgfcorepathprocessing.code.tex 2021/05/15 v3.1.9a (3.1.9a)
)
(c:/Users/cruyf101/AppData/Roaming/TinyTeX/texmf-dist/tex/generic/pgf/basiclaye
r/pgfcorearrows.code.tex
File: pgfcorearrows.code.tex 2021/05/15 v3.1.9a (3.1.9a)
\pgfarrowsep=\dimen199
)
(c:/Users/cruyf101/AppData/Roaming/TinyTeX/texmf-dist/tex/generic/pgf/basiclaye
r/pgfcoreshade.code.tex
File: pgfcoreshade.code.tex 2021/05/15 v3.1.9a (3.1.9a)
\pgf@max=\dimen256
\pgf@sys@shading@range@num=\count287
\pgf@shadingcount=\count288
)
(c:/Users/cruyf101/AppData/Roaming/TinyTeX/texmf-dist/tex/generic/pgf/basiclaye
r/pgfcoreimage.code.tex
File: pgfcoreimage.code.tex 2021/05/15 v3.1.9a (3.1.9a)

(c:/Users/cruyf101/AppData/Roaming/TinyTeX/texmf-dist/tex/generic/pgf/basiclaye
r/pgfcoreexternal.code.tex
File: pgfcoreexternal.code.tex 2021/05/15 v3.1.9a (3.1.9a)
\pgfexternal@startupbox=\box64
))
(c:/Users/cruyf101/AppData/Roaming/TinyTeX/texmf-dist/tex/generic/pgf/basiclaye
r/pgfcorelayers.code.tex
File: pgfcorelayers.code.tex 2021/05/15 v3.1.9a (3.1.9a)
)
(c:/Users/cruyf101/AppData/Roaming/TinyTeX/texmf-dist/tex/generic/pgf/basiclaye
r/pgfcoretransparency.code.tex
File: pgfcoretransparency.code.tex 2021/05/15 v3.1.9a (3.1.9a)
)
(c:/Users/cruyf101/AppData/Roaming/TinyTeX/texmf-dist/tex/generic/pgf/basiclaye
r/pgfcorepatterns.code.tex
File: pgfcorepatterns.code.tex 2021/05/15 v3.1.9a (3.1.9a)
)
(c:/Users/cruyf101/AppData/Roaming/TinyTeX/texmf-dist/tex/generic/pgf/basiclaye
r/pgfcorerdf.code.tex
File: pgfcorerdf.code.tex 2021/05/15 v3.1.9a (3.1.9a)
)))
(c:/Users/cruyf101/AppData/Roaming/TinyTeX/texmf-dist/tex/latex/pgf/utilities/x
xcolor.sty
Package: xxcolor 2003/10/24 ver 0.1
\XC@nummixins=\count289
\XC@countmixins=\count290
)
(c:/Users/cruyf101/AppData/Roaming/TinyTeX/texmf-dist/tex/latex/base/atbegshi-l
tx.sty
Package: atbegshi-ltx 2021/01/10 v1.0c Emulation of the original atbegshi
package with kernel methods
)
(c:/Users/cruyf101/AppData/Roaming/TinyTeX/texmf-dist/tex/latex/hyperref/hyperr
ef.sty
Package: hyperref 2021-06-07 v7.00m Hypertext links for LaTeX

(c:/Users/cruyf101/AppData/Roaming/TinyTeX/texmf-dist/tex/generic/ltxcmds/ltxcm
ds.sty
Package: ltxcmds 2020-05-10 v1.25 LaTeX kernel commands for general use (HO)
)
(c:/Users/cruyf101/AppData/Roaming/TinyTeX/texmf-dist/tex/generic/pdftexcmds/pd
ftexcmds.sty
Package: pdftexcmds 2020-06-27 v0.33 Utility functions of pdfTeX for LuaTeX (HO
)

(c:/Users/cruyf101/AppData/Roaming/TinyTeX/texmf-dist/tex/generic/infwarerr/inf
warerr.sty
Package: infwarerr 2019/12/03 v1.5 Providing info/warning/error messages (HO)
)
Package pdftexcmds Info: \pdf@primitive is available.
Package pdftexcmds Info: \pdf@ifprimitive is available.
Package pdftexcmds Info: \pdfdraftmode found.
)
(c:/Users/cruyf101/AppData/Roaming/TinyTeX/texmf-dist/tex/generic/kvsetkeys/kvs
etkeys.sty
Package: kvsetkeys 2019/12/15 v1.18 Key value parser (HO)
)
(c:/Users/cruyf101/AppData/Roaming/TinyTeX/texmf-dist/tex/generic/kvdefinekeys/
kvdefinekeys.sty
Package: kvdefinekeys 2019-12-19 v1.6 Define keys (HO)
)
(c:/Users/cruyf101/AppData/Roaming/TinyTeX/texmf-dist/tex/generic/pdfescape/pdf
escape.sty
Package: pdfescape 2019/12/09 v1.15 Implements pdfTeX's escape features (HO)
)
(c:/Users/cruyf101/AppData/Roaming/TinyTeX/texmf-dist/tex/latex/hycolor/hycolor
.sty
Package: hycolor 2020-01-27 v1.10 Color options for hyperref/bookmark (HO)
)
(c:/Users/cruyf101/AppData/Roaming/TinyTeX/texmf-dist/tex/latex/letltxmacro/let
ltxmacro.sty
Package: letltxmacro 2019/12/03 v1.6 Let assignment for LaTeX macros (HO)
)
(c:/Users/cruyf101/AppData/Roaming/TinyTeX/texmf-dist/tex/latex/auxhook/auxhook
.sty
Package: auxhook 2019-12-17 v1.6 Hooks for auxiliary files (HO)
)
(c:/Users/cruyf101/AppData/Roaming/TinyTeX/texmf-dist/tex/latex/kvoptions/kvopt
ions.sty
Package: kvoptions 2020-10-07 v3.14 Key value format for package options (HO)
)
\@linkdim=\dimen257
\Hy@linkcounter=\count291
\Hy@pagecounter=\count292

(c:/Users/cruyf101/AppData/Roaming/TinyTeX/texmf-dist/tex/latex/hyperref/pd1enc
.def
File: pd1enc.def 2021-06-07 v7.00m Hyperref: PDFDocEncoding definition (HO)
Now handling font encoding PD1 ...
... no UTF-8 mapping file for font encoding PD1
)
(c:/Users/cruyf101/AppData/Roaming/TinyTeX/texmf-dist/tex/latex/hyperref/hyperr
ef-langpatches.def
File: hyperref-langpatches.def 2021-06-07 v7.00m Hyperref: patches for babel la
nguages
)
(c:/Users/cruyf101/AppData/Roaming/TinyTeX/texmf-dist/tex/generic/intcalc/intca
lc.sty
Package: intcalc 2019/12/15 v1.3 Expandable calculations with integers (HO)
)
(c:/Users/cruyf101/AppData/Roaming/TinyTeX/texmf-dist/tex/generic/etexcmds/etex
cmds.sty
Package: etexcmds 2019/12/15 v1.7 Avoid name clashes with e-TeX commands (HO)
)
\Hy@SavedSpaceFactor=\count293

(c:/Users/cruyf101/AppData/Roaming/TinyTeX/texmf-dist/tex/latex/hyperref/puenc.
def
File: puenc.def 2021-06-07 v7.00m Hyperref: PDF Unicode definition (HO)
Now handling font encoding PU ...
... no UTF-8 mapping file for font encoding PU
)
Package hyperref Info: Option `unicode' set `true' on input line 4073.
Package hyperref Info: Option `bookmarks' set `true' on input line 4073.
Package hyperref Info: Option `bookmarksopen' set `true' on input line 4073.
Package hyperref Info: Option `implicit' set `false' on input line 4073.
Package hyperref Info: Hyper figures OFF on input line 4192.
Package hyperref Info: Link nesting OFF on input line 4197.
Package hyperref Info: Hyper index ON on input line 4200.
Package hyperref Info: Plain pages OFF on input line 4207.
Package hyperref Info: Backreferencing OFF on input line 4212.
Package hyperref Info: Implicit mode OFF; no redefinition of LaTeX internals.
Package hyperref Info: Bookmarks ON on input line 4445.
\c@Hy@tempcnt=\count294
(c:/Users/cruyf101/AppData/Roaming/TinyTeX/texmf-dist/tex/latex/url/url.sty
\Urlmuskip=\muskip16
Package: url 2013/09/16  ver 3.4  Verb mode for urls, etc.
)
LaTeX Info: Redefining \url on input line 4804.
\XeTeXLinkMargin=\dimen258

(c:/Users/cruyf101/AppData/Roaming/TinyTeX/texmf-dist/tex/generic/bitset/bitset
.sty
Package: bitset 2019/12/09 v1.3 Handle bit-vector datatype (HO)

(c:/Users/cruyf101/AppData/Roaming/TinyTeX/texmf-dist/tex/generic/bigintcalc/bi
gintcalc.sty
Package: bigintcalc 2019/12/15 v1.5 Expandable calculations on big integers (HO
)
))
\Fld@menulength=\count295
\Field@Width=\dimen259
\Fld@charsize=\dimen260
Package hyperref Info: Hyper figures OFF on input line 6076.
Package hyperref Info: Link nesting OFF on input line 6081.
Package hyperref Info: Hyper index ON on input line 6084.
Package hyperref Info: backreferencing OFF on input line 6091.
Package hyperref Info: Link coloring OFF on input line 6096.
Package hyperref Info: Link coloring with OCG OFF on input line 6101.
Package hyperref Info: PDF/A mode OFF on input line 6106.
LaTeX Info: Redefining \ref on input line 6146.
LaTeX Info: Redefining \pageref on input line 6150.
\Hy@abspage=\count296

Package hyperref Message: Stopped early.

)
Package hyperref Info: Driver (autodetected): hpdftex.

(c:/Users/cruyf101/AppData/Roaming/TinyTeX/texmf-dist/tex/latex/hyperref/hpdfte
x.def
File: hpdftex.def 2021-06-07 v7.00m Hyperref driver for pdfTeX

(c:/Users/cruyf101/AppData/Roaming/TinyTeX/texmf-dist/tex/latex/base/atveryend-
ltx.sty
Package: atveryend-ltx 2020/08/19 v1.0a Emulation of the original atvery packag
e
with kernel methods
)
\Fld@listcount=\count297
\c@bookmark@seq@number=\count298

(c:/Users/cruyf101/AppData/Roaming/TinyTeX/texmf-dist/tex/latex/rerunfilecheck/
rerunfilecheck.sty
Package: rerunfilecheck 2019/12/05 v1.9 Rerun checks for auxiliary files (HO)

(c:/Users/cruyf101/AppData/Roaming/TinyTeX/texmf-dist/tex/generic/uniquecounter
/uniquecounter.sty
Package: uniquecounter 2019/12/15 v1.4 Provide unlimited unique counter (HO)
)
Package uniquecounter Info: New unique counter `rerunfilecheck' on input line 2
86.
))
(c:/Users/cruyf101/AppData/Roaming/TinyTeX/texmf-dist/tex/latex/beamer/beamerba
serequires.sty
(c:/Users/cruyf101/AppData/Roaming/TinyTeX/texmf-dist/tex/latex/beamer/beamerba
secompatibility.sty)
(c:/Users/cruyf101/AppData/Roaming/TinyTeX/texmf-dist/tex/latex/beamer/beamerba
sefont.sty
(c:/Users/cruyf101/AppData/Roaming/TinyTeX/texmf-dist/tex/latex/amsfonts/amssym
b.sty
Package: amssymb 2013/01/14 v3.01 AMS font symbols

(c:/Users/cruyf101/AppData/Roaming/TinyTeX/texmf-dist/tex/latex/amsfonts/amsfon
ts.sty
Package: amsfonts 2013/01/14 v3.01 Basic AMSFonts support
\@emptytoks=\toks28
\symAMSa=\mathgroup4
\symAMSb=\mathgroup5
LaTeX Font Info:    Redeclaring math symbol \hbar on input line 98.
LaTeX Font Info:    Overwriting math alphabet `\mathfrak' in version `bold'
(Font)                  U/euf/m/n --> U/euf/b/n on input line 106.
)))
(c:/Users/cruyf101/AppData/Roaming/TinyTeX/texmf-dist/tex/latex/beamer/beamerba
setranslator.sty
(c:/Users/cruyf101/AppData/Roaming/TinyTeX/texmf-dist/tex/latex/translator/tran
slator.sty
Package: translator 2021-05-31 v1.12d Easy translation of strings in LaTeX
))
(c:/Users/cruyf101/AppData/Roaming/TinyTeX/texmf-dist/tex/latex/beamer/beamerba
semisc.sty)
(c:/Users/cruyf101/AppData/Roaming/TinyTeX/texmf-dist/tex/latex/beamer/beamerba
setwoscreens.sty)
(c:/Users/cruyf101/AppData/Roaming/TinyTeX/texmf-dist/tex/latex/beamer/beamerba
seoverlay.sty
\beamer@argscount=\count299
\beamer@lastskipcover=\skip50
\beamer@trivlistdepth=\count300
)
(c:/Users/cruyf101/AppData/Roaming/TinyTeX/texmf-dist/tex/latex/beamer/beamerba
setitle.sty)
(c:/Users/cruyf101/AppData/Roaming/TinyTeX/texmf-dist/tex/latex/beamer/beamerba
sesection.sty
\c@lecture=\count301
\c@part=\count302
\c@section=\count303
\c@subsection=\count304
\c@subsubsection=\count305
)
(c:/Users/cruyf101/AppData/Roaming/TinyTeX/texmf-dist/tex/latex/beamer/beamerba
seframe.sty
\beamer@framebox=\box65
\beamer@frametitlebox=\box66
\beamer@zoombox=\box67
\beamer@zoomcount=\count306
\beamer@zoomframecount=\count307
\beamer@frametextheight=\dimen261
\c@subsectionslide=\count308
\beamer@frametopskip=\skip51
\beamer@framebottomskip=\skip52
\beamer@frametopskipautobreak=\skip53
\beamer@framebottomskipautobreak=\skip54
\beamer@envbody=\toks29
\framewidth=\dimen262
\c@framenumber=\count309
)
(c:/Users/cruyf101/AppData/Roaming/TinyTeX/texmf-dist/tex/latex/beamer/beamerba
severbatim.sty
\beamer@verbatimfileout=\write4
)
(c:/Users/cruyf101/AppData/Roaming/TinyTeX/texmf-dist/tex/latex/beamer/beamerba
seframesize.sty
\beamer@splitbox=\box68
\beamer@autobreakcount=\count310
\beamer@autobreaklastheight=\dimen263
\beamer@frametitletoks=\toks30
\beamer@framesubtitletoks=\toks31
)
(c:/Users/cruyf101/AppData/Roaming/TinyTeX/texmf-dist/tex/latex/beamer/beamerba
seframecomponents.sty
\beamer@footins=\box69
)
(c:/Users/cruyf101/AppData/Roaming/TinyTeX/texmf-dist/tex/latex/beamer/beamerba
secolor.sty)
(c:/Users/cruyf101/AppData/Roaming/TinyTeX/texmf-dist/tex/latex/beamer/beamerba
senotes.sty
\beamer@frameboxcopy=\box70
)
(c:/Users/cruyf101/AppData/Roaming/TinyTeX/texmf-dist/tex/latex/beamer/beamerba
setoc.sty)
(c:/Users/cruyf101/AppData/Roaming/TinyTeX/texmf-dist/tex/latex/beamer/beamerba
setemplates.sty
\beamer@sbttoks=\toks32

(c:/Users/cruyf101/AppData/Roaming/TinyTeX/texmf-dist/tex/latex/beamer/beamerba
seauxtemplates.sty
(c:/Users/cruyf101/AppData/Roaming/TinyTeX/texmf-dist/tex/latex/beamer/beamerba
seboxes.sty
\bmb@box=\box71
\bmb@colorbox=\box72
\bmb@boxwidth=\dimen264
\bmb@boxheight=\dimen265
\bmb@prevheight=\dimen266
\bmb@temp=\dimen267
\bmb@dima=\dimen268
\bmb@dimb=\dimen269
\bmb@prevheight=\dimen270
)
\beamer@blockheadheight=\dimen271
))
(c:/Users/cruyf101/AppData/Roaming/TinyTeX/texmf-dist/tex/latex/beamer/beamerba
selocalstructure.sty
(c:/Users/cruyf101/AppData/Roaming/TinyTeX/texmf-dist/tex/latex/tools/enumerate
.sty
Package: enumerate 2015/07/23 v3.00 enumerate extensions (DPC)
\@enLab=\toks33
)
\beamer@bibiconwidth=\skip55
\c@figure=\count311
\c@table=\count312
\abovecaptionskip=\skip56
\belowcaptionskip=\skip57
)
(c:/Users/cruyf101/AppData/Roaming/TinyTeX/texmf-dist/tex/latex/beamer/beamerba
senavigation.sty
\beamer@section@min@dim=\dimen272
)
(c:/Users/cruyf101/AppData/Roaming/TinyTeX/texmf-dist/tex/latex/beamer/beamerba
setheorems.sty
(c:/Users/cruyf101/AppData/Roaming/TinyTeX/texmf-dist/tex/latex/amsmath/amsmath
.sty
Package: amsmath 2021/04/20 v2.17j AMS math features
\@mathmargin=\skip58
For additional information on amsmath, use the `?' option.

(c:/Users/cruyf101/AppData/Roaming/TinyTeX/texmf-dist/tex/latex/amsmath/amstext
.sty
Package: amstext 2000/06/29 v2.01 AMS text

(c:/Users/cruyf101/AppData/Roaming/TinyTeX/texmf-dist/tex/latex/amsmath/amsgen.
sty
File: amsgen.sty 1999/11/30 v2.0 generic functions
\@emptytoks=\toks34
\ex@=\dimen273
))
(c:/Users/cruyf101/AppData/Roaming/TinyTeX/texmf-dist/tex/latex/amsmath/amsbsy.
sty
Package: amsbsy 1999/11/29 v1.2d Bold Symbols
\pmbraise@=\dimen274
)
(c:/Users/cruyf101/AppData/Roaming/TinyTeX/texmf-dist/tex/latex/amsmath/amsopn.
sty
Package: amsopn 2016/03/08 v2.02 operator names
)
\inf@bad=\count313
LaTeX Info: Redefining \frac on input line 234.
\uproot@=\count314
\leftroot@=\count315
LaTeX Info: Redefining \overline on input line 399.
\classnum@=\count316
\DOTSCASE@=\count317
LaTeX Info: Redefining \ldots on input line 496.
LaTeX Info: Redefining \dots on input line 499.
LaTeX Info: Redefining \cdots on input line 620.
\Mathstrutbox@=\box73
\strutbox@=\box74
\big@size=\dimen275
LaTeX Font Info:    Redeclaring font encoding OML on input line 743.
LaTeX Font Info:    Redeclaring font encoding OMS on input line 744.
\macc@depth=\count318
\c@MaxMatrixCols=\count319
\dotsspace@=\muskip17
\c@parentequation=\count320
\dspbrk@lvl=\count321
\tag@help=\toks35
\row@=\count322
\column@=\count323
\maxfields@=\count324
\andhelp@=\toks36
\eqnshift@=\dimen276
\alignsep@=\dimen277
\tagshift@=\dimen278
\tagwidth@=\dimen279
\totwidth@=\dimen280
\lineht@=\dimen281
\@envbody=\toks37
\multlinegap=\skip59
\multlinetaggap=\skip60
\mathdisplay@stack=\toks38
LaTeX Info: Redefining \[ on input line 2923.
LaTeX Info: Redefining \] on input line 2924.
)
(c:/Users/cruyf101/AppData/Roaming/TinyTeX/texmf-dist/tex/latex/amscls/amsthm.s
ty
Package: amsthm 2020/05/29 v2.20.6
\thm@style=\toks39
\thm@bodyfont=\toks40
\thm@headfont=\toks41
\thm@notefont=\toks42
\thm@headpunct=\toks43
\thm@preskip=\skip61
\thm@postskip=\skip62
\thm@headsep=\skip63
\dth@everypar=\toks44
)
\c@theorem=\count325
)
(c:/Users/cruyf101/AppData/Roaming/TinyTeX/texmf-dist/tex/latex/beamer/beamerba
sethemes.sty))
(c:/Users/cruyf101/AppData/Roaming/TinyTeX/texmf-dist/tex/latex/beamer/beamerth
emedefault.sty
(c:/Users/cruyf101/AppData/Roaming/TinyTeX/texmf-dist/tex/latex/beamer/beamerfo
ntthemedefault.sty)
(c:/Users/cruyf101/AppData/Roaming/TinyTeX/texmf-dist/tex/latex/beamer/beamerco
lorthemedefault.sty)
(c:/Users/cruyf101/AppData/Roaming/TinyTeX/texmf-dist/tex/latex/beamer/beamerin
nerthemedefault.sty
\beamer@dima=\dimen282
\beamer@dimb=\dimen283
)
(c:/Users/cruyf101/AppData/Roaming/TinyTeX/texmf-dist/tex/latex/beamer/beamerou
terthemedefault.sty)))
(c:/Users/cruyf101/AppData/Roaming/TinyTeX/texmf-dist/tex/latex/pgf/utilities/p
gfpages.sty
Package: pgfpages 2011/01/05 ver 0.02
(c:/Users/cruyf101/AppData/Roaming/TinyTeX/texmf-dist/tex/latex/tools/calc.sty
Package: calc 2017/05/25 v4.3 Infix arithmetic (KKT,FJ)
\calc@Acount=\count326
\calc@Bcount=\count327
\calc@Adimen=\dimen284
\calc@Bdimen=\dimen285
\calc@Askip=\skip64
\calc@Bskip=\skip65
LaTeX Info: Redefining \setlength on input line 80.
LaTeX Info: Redefining \addtolength on input line 81.
\calc@Ccount=\count328
\calc@Cskip=\skip66
)
\pgf@logicalpages=\count329
\pgf@firstshipout=\count330
\pgf@lastshipout=\count331
\pgf@currentshipout=\count332
\pgf@cpn=\count333
\pgf@shipoutnextto=\count334
\pgfphysicalheight=\dimen286
\pgfphysicalwidth=\dimen287
\pgfpages@shipoutbox=\box75
) (c:/Users/cruyf101/AppData/Roaming/TinyTeX/texmf-dist/tex/latex/lm/lmodern.st
y
Package: lmodern 2015/05/01 v1.6.1 Latin Modern Fonts
LaTeX Font Info:    Overwriting symbol font `operators' in version `normal'
(Font)                  OT1/cmr/m/n --> OT1/lmr/m/n on input line 22.
LaTeX Font Info:    Overwriting symbol font `letters' in version `normal'
(Font)                  OML/cmm/m/it --> OML/lmm/m/it on input line 23.
LaTeX Font Info:    Overwriting symbol font `symbols' in version `normal'
(Font)                  OMS/cmsy/m/n --> OMS/lmsy/m/n on input line 24.
LaTeX Font Info:    Overwriting symbol font `largesymbols' in version `normal'
(Font)                  OMX/cmex/m/n --> OMX/lmex/m/n on input line 25.
LaTeX Font Info:    Overwriting symbol font `operators' in version `bold'
(Font)                  OT1/cmr/bx/n --> OT1/lmr/bx/n on input line 26.
LaTeX Font Info:    Overwriting symbol font `letters' in version `bold'
(Font)                  OML/cmm/b/it --> OML/lmm/b/it on input line 27.
LaTeX Font Info:    Overwriting symbol font `symbols' in version `bold'
(Font)                  OMS/cmsy/b/n --> OMS/lmsy/b/n on input line 28.
LaTeX Font Info:    Overwriting symbol font `largesymbols' in version `bold'
(Font)                  OMX/cmex/m/n --> OMX/lmex/m/n on input line 29.
LaTeX Font Info:    Overwriting math alphabet `\mathbf' in version `normal'
(Font)                  OT1/cmr/bx/n --> OT1/lmr/bx/n on input line 31.
LaTeX Font Info:    Overwriting math alphabet `\mathsf' in version `normal'
(Font)                  OT1/cmss/m/n --> OT1/lmss/m/n on input line 32.
LaTeX Font Info:    Overwriting math alphabet `\mathit' in version `normal'
(Font)                  OT1/cmr/m/it --> OT1/lmr/m/it on input line 33.
LaTeX Font Info:    Overwriting math alphabet `\mathtt' in version `normal'
(Font)                  OT1/cmtt/m/n --> OT1/lmtt/m/n on input line 34.
LaTeX Font Info:    Overwriting math alphabet `\mathbf' in version `bold'
(Font)                  OT1/cmr/bx/n --> OT1/lmr/bx/n on input line 35.
LaTeX Font Info:    Overwriting math alphabet `\mathsf' in version `bold'
(Font)                  OT1/cmss/bx/n --> OT1/lmss/bx/n on input line 36.
LaTeX Font Info:    Overwriting math alphabet `\mathit' in version `bold'
(Font)                  OT1/cmr/bx/it --> OT1/lmr/bx/it on input line 37.
LaTeX Font Info:    Overwriting math alphabet `\mathtt' in version `bold'
(Font)                  OT1/cmtt/m/n --> OT1/lmtt/m/n on input line 38.
)
(c:/Users/cruyf101/AppData/Roaming/TinyTeX/texmf-dist/tex/generic/iftex/ifxetex
.sty
Package: ifxetex 2019/10/25 v0.7 ifxetex legacy package. Use iftex instead.
)
(c:/Users/cruyf101/AppData/Roaming/TinyTeX/texmf-dist/tex/generic/iftex/ifluate
x.sty
Package: ifluatex 2019/10/25 v1.5 ifluatex legacy package. Use iftex instead.
)
(c:/Users/cruyf101/AppData/Roaming/TinyTeX/texmf-dist/tex/latex/base/fontenc.st
y
Package: fontenc 2021/04/29 v2.0v Standard LaTeX package
LaTeX Font Info:    Trying to load font information for T1+lmss on input line 1
12.
(c:/Users/cruyf101/AppData/Roaming/TinyTeX/texmf-dist/tex/latex/lm/t1lmss.fd
File: t1lmss.fd 2015/05/01 v1.6.1 Font defs for Latin Modern
))
(c:/Users/cruyf101/AppData/Roaming/TinyTeX/texmf-dist/tex/latex/base/inputenc.s
ty
Package: inputenc 2021/02/14 v1.3d Input encoding file
\inpenc@prehook=\toks45
\inpenc@posthook=\toks46
)
(c:/Users/cruyf101/AppData/Roaming/TinyTeX/texmf-dist/tex/latex/base/textcomp.s
ty
Package: textcomp 2020/02/02 v2.0n Standard LaTeX package
)
(c:/Users/cruyf101/AppData/Roaming/TinyTeX/texmf-dist/tex/latex/beamertheme-met
ropolis/beamerthememetropolis.sty
Package: beamerthememetropolis 2017/01/23 v1.2 Metropolis Beamer theme

(c:/Users/cruyf101/AppData/Roaming/TinyTeX/texmf-dist/tex/latex/pgfopts/pgfopts
.sty
Package: pgfopts 2014/07/10 v2.1a LaTeX package options with pgfkeys

(c:/Users/cruyf101/AppData/Roaming/TinyTeX/texmf-dist/tex/latex/pgf/utilities/p
gfkeys.sty
(c:/Users/cruyf101/AppData/Roaming/TinyTeX/texmf-dist/tex/generic/pgf/utilities
/pgfkeys.code.tex))
\pgfopts@list@add@a@toks=\toks47
\pgfopts@list@add@b@toks=\toks48
)
(c:/Users/cruyf101/AppData/Roaming/TinyTeX/texmf-dist/tex/latex/beamertheme-met
ropolis/beamerinnerthememetropolis.sty
Package: beamerinnerthememetropolis 2017/01/23 Metropolis inner theme

(c:/Users/cruyf101/AppData/Roaming/TinyTeX/texmf-dist/tex/latex/pgf/frontendlay
er/tikz.sty
(c:/Users/cruyf101/AppData/Roaming/TinyTeX/texmf-dist/tex/latex/pgf/basiclayer/
pgf.sty
Package: pgf 2021/05/15 v3.1.9a (3.1.9a)

(c:/Users/cruyf101/AppData/Roaming/TinyTeX/texmf-dist/tex/generic/pgf/modules/p
gfmoduleshapes.code.tex
File: pgfmoduleshapes.code.tex 2021/05/15 v3.1.9a (3.1.9a)
\pgfnodeparttextbox=\box76
)
(c:/Users/cruyf101/AppData/Roaming/TinyTeX/texmf-dist/tex/generic/pgf/modules/p
gfmoduleplot.code.tex
File: pgfmoduleplot.code.tex 2021/05/15 v3.1.9a (3.1.9a)
)
(c:/Users/cruyf101/AppData/Roaming/TinyTeX/texmf-dist/tex/latex/pgf/compatibili
ty/pgfcomp-version-0-65.sty
Package: pgfcomp-version-0-65 2021/05/15 v3.1.9a (3.1.9a)
\pgf@nodesepstart=\dimen288
\pgf@nodesepend=\dimen289
)
(c:/Users/cruyf101/AppData/Roaming/TinyTeX/texmf-dist/tex/latex/pgf/compatibili
ty/pgfcomp-version-1-18.sty
Package: pgfcomp-version-1-18 2021/05/15 v3.1.9a (3.1.9a)
))
(c:/Users/cruyf101/AppData/Roaming/TinyTeX/texmf-dist/tex/latex/pgf/utilities/p
gffor.sty
(c:/Users/cruyf101/AppData/Roaming/TinyTeX/texmf-dist/tex/latex/pgf/math/pgfmat
h.sty
(c:/Users/cruyf101/AppData/Roaming/TinyTeX/texmf-dist/tex/generic/pgf/math/pgfm
ath.code.tex))
(c:/Users/cruyf101/AppData/Roaming/TinyTeX/texmf-dist/tex/generic/pgf/utilities
/pgffor.code.tex
Package: pgffor 2021/05/15 v3.1.9a (3.1.9a)

(c:/Users/cruyf101/AppData/Roaming/TinyTeX/texmf-dist/tex/generic/pgf/math/pgfm
ath.code.tex)
\pgffor@iter=\dimen290
\pgffor@skip=\dimen291
\pgffor@stack=\toks49
\pgffor@toks=\toks50
))
(c:/Users/cruyf101/AppData/Roaming/TinyTeX/texmf-dist/tex/generic/pgf/frontendl
ayer/tikz/tikz.code.tex
Package: tikz 2021/05/15 v3.1.9a (3.1.9a)

(c:/Users/cruyf101/AppData/Roaming/TinyTeX/texmf-dist/tex/generic/pgf/libraries
/pgflibraryplothandlers.code.tex
File: pgflibraryplothandlers.code.tex 2021/05/15 v3.1.9a (3.1.9a)
\pgf@plot@mark@count=\count335
\pgfplotmarksize=\dimen292
)
\tikz@lastx=\dimen293
\tikz@lasty=\dimen294
\tikz@lastxsaved=\dimen295
\tikz@lastysaved=\dimen296
\tikz@lastmovetox=\dimen297
\tikz@lastmovetoy=\dimen298
\tikzleveldistance=\dimen299
\tikzsiblingdistance=\dimen300
\tikz@figbox=\box77
\tikz@figbox@bg=\box78
\tikz@tempbox=\box79
\tikz@tempbox@bg=\box80
\tikztreelevel=\count336
\tikznumberofchildren=\count337
\tikznumberofcurrentchild=\count338
\tikz@fig@count=\count339

(c:/Users/cruyf101/AppData/Roaming/TinyTeX/texmf-dist/tex/generic/pgf/modules/p
gfmodulematrix.code.tex
File: pgfmodulematrix.code.tex 2021/05/15 v3.1.9a (3.1.9a)
\pgfmatrixcurrentrow=\count340
\pgfmatrixcurrentcolumn=\count341
\pgf@matrix@numberofcolumns=\count342
)
\tikz@expandcount=\count343

(c:/Users/cruyf101/AppData/Roaming/TinyTeX/texmf-dist/tex/generic/pgf/frontendl
ayer/tikz/libraries/tikzlibrarytopaths.code.tex
File: tikzlibrarytopaths.code.tex 2021/05/15 v3.1.9a (3.1.9a)
)))
\metropolis@titleseparator@linewidth=\skip67
\metropolis@progressonsectionpage=\skip68
\metropolis@progressonsectionpage@linewidth=\skip69
\metropolis@blocksep=\skip70
\metropolis@blockadjust=\skip71
\metropolis@parskip=\skip72
)
(c:/Users/cruyf101/AppData/Roaming/TinyTeX/texmf-dist/tex/latex/beamertheme-met
ropolis/beamerouterthememetropolis.sty
Package: beamerouterthememetropolis 2017/01/23 Metropolis outer theme
\metropolis@frametitle@padding=\skip73
\metropolis@progressinheadfoot=\skip74
\metropolis@progressinheadfoot@linewidth=\skip75
)
(c:/Users/cruyf101/AppData/Roaming/TinyTeX/texmf-dist/tex/latex/beamertheme-met
ropolis/beamercolorthememetropolis.sty
Package: beamercolorthememetropolis 2017/01/23 Metropolis color theme
)
(c:/Users/cruyf101/AppData/Roaming/TinyTeX/texmf-dist/tex/latex/beamertheme-met
ropolis/beamerfontthememetropolis.sty
Package: beamerfontthememetropolis 2017/01/23 Metropolis font theme

Package beamerthememetropolis Warning: You need to compile with XeLaTeX or LuaL
aTeX to use the Fira fonts on input line 95.

))
(c:/Users/cruyf101/AppData/Roaming/TinyTeX/texmf-dist/tex/latex/upquote/upquote
.sty
Package: upquote 2012/04/19 v1.3 upright-quote and grave-accent glyphs in verba
tim
)
Package hyperref Info: Option `colorlinks' set `true' on input line 88.

(c:/Users/cruyf101/AppData/Roaming/TinyTeX/texmf-dist/tex/latex/fancyvrb/fancyv
rb.sty
Package: fancyvrb 2021/01/20 v3.7 verbatim text (tvz,hv)
\FV@CodeLineNo=\count344
\FV@InFile=\read3
\FV@TabBox=\box81
\c@FancyVerbLine=\count345
\FV@StepNumber=\count346
\FV@OutFile=\write5
)
(c:/Users/cruyf101/AppData/Roaming/TinyTeX/texmf-dist/tex/latex/framed/framed.s
ty
Package: framed 2011/10/22 v 0.96: framed or shaded text with page breaks
\OuterFrameSep=\skip76
\fb@frw=\dimen301
\fb@frh=\dimen302
\FrameRule=\dimen303
\FrameSep=\dimen304
)
(c:/Users/cruyf101/AppData/Roaming/TinyTeX/texmf-dist/tex/latex/tools/longtable
.sty
Package: longtable 2021-05-07 v4.16 Multi-page Table package (DPC)
\LTleft=\skip77
\LTright=\skip78
\LTpre=\skip79
\LTpost=\skip80
\LTchunksize=\count347
\LTcapwidth=\dimen305
\LT@head=\box82
\LT@firsthead=\box83
\LT@foot=\box84
\LT@lastfoot=\box85
\LT@gbox=\box86
\LT@cols=\count348
\LT@rows=\count349
\c@LT@tables=\count350
\c@LT@chunks=\count351
\LT@p@ftn=\toks51
)
(c:/Users/cruyf101/AppData/Roaming/TinyTeX/texmf-dist/tex/latex/booktabs/bookta
bs.sty
Package: booktabs 2020/01/12 v1.61803398 Publication quality tables
\heavyrulewidth=\dimen306
\lightrulewidth=\dimen307
\cmidrulewidth=\dimen308
\belowrulesep=\dimen309
\belowbottomsep=\dimen310
\aboverulesep=\dimen311
\abovetopsep=\dimen312
\cmidrulesep=\dimen313
\cmidrulekern=\dimen314
\defaultaddspace=\dimen315
\@cmidla=\count352
\@cmidlb=\count353
\@aboverulesep=\dimen316
\@belowrulesep=\dimen317
\@thisruleclass=\count354
\@lastruleclass=\count355
\@thisrulewidth=\dimen318
)
(c:/Users/cruyf101/AppData/Roaming/TinyTeX/texmf-dist/tex/latex/caption/caption
.sty
Package: caption 2020/10/26 v3.5g Customizing captions (AR)

(c:/Users/cruyf101/AppData/Roaming/TinyTeX/texmf-dist/tex/latex/caption/caption
3.sty
Package: caption3 2020/10/21 v2.2e caption3 kernel (AR)
\captionmargin=\dimen319
\captionmargin@=\dimen320
\captionwidth=\dimen321
\caption@tempdima=\dimen322
\caption@indent=\dimen323
\caption@parindent=\dimen324
\caption@hangindent=\dimen325
Package caption Info: beamer document class detected.

(c:/Users/cruyf101/AppData/Roaming/TinyTeX/texmf-dist/tex/latex/caption/caption
-beamer.sto
File: caption-beamer.sto 2020/08/22 v2.0 Adaption of the caption package to the
 beamer document classes (AR)
))
\c@caption@flags=\count356
\c@continuedfloat=\count357
Package caption Info: hyperref package is loaded.
Package caption Info: Hyperref support is turned off
(caption)             because hyperref has stopped early.
Package caption Info: longtable package is loaded.

(c:/Users/cruyf101/AppData/Roaming/TinyTeX/texmf-dist/tex/latex/caption/ltcapti
on.sty
Package: ltcaption 2020/05/30 v1.4b longtable captions (AR)
))
(c:/Users/cruyf101/AppData/Roaming/TinyTeX/texmf-dist/tex/latex/l3backend/l3bac
kend-pdftex.def
File: l3backend-pdftex.def 2021-05-07 L3 backend support: PDF output (pdfTeX)
\l__color_backend_stack_int=\count358
\l__pdf_internal_box=\box87
) (./1B-Lecture-Bias-Variance-trade-off.aux)
\openout1 = `1B-Lecture-Bias-Variance-trade-off.aux'.

LaTeX Font Info:    Checking defaults for OML/cmm/m/it on input line 164.
LaTeX Font Info:    ... okay on input line 164.
LaTeX Font Info:    Checking defaults for OMS/cmsy/m/n on input line 164.
LaTeX Font Info:    ... okay on input line 164.
LaTeX Font Info:    Checking defaults for OT1/cmr/m/n on input line 164.
LaTeX Font Info:    ... okay on input line 164.
LaTeX Font Info:    Checking defaults for T1/cmr/m/n on input line 164.
LaTeX Font Info:    ... okay on input line 164.
LaTeX Font Info:    Checking defaults for TS1/cmr/m/n on input line 164.
LaTeX Font Info:    ... okay on input line 164.
LaTeX Font Info:    Checking defaults for OMX/cmex/m/n on input line 164.
LaTeX Font Info:    ... okay on input line 164.
LaTeX Font Info:    Checking defaults for U/cmr/m/n on input line 164.
LaTeX Font Info:    ... okay on input line 164.
LaTeX Font Info:    Checking defaults for PD1/pdf/m/n on input line 164.
LaTeX Font Info:    ... okay on input line 164.
LaTeX Font Info:    Checking defaults for PU/pdf/m/n on input line 164.
LaTeX Font Info:    ... okay on input line 164.
*geometry* driver: auto-detecting
*geometry* detected driver: pdftex
*geometry* verbose mode - [ preamble ] result:
* driver: pdftex
* paper: custom
* layout: <same size as paper>
* layoutoffset:(h,v)=(0.0pt,0.0pt)
* modes: includehead includefoot 
* h-part:(L,W,R)=(28.45274pt, 307.28987pt, 28.45274pt)
* v-part:(T,H,B)=(0.0pt, 273.14662pt, 0.0pt)
* \paperwidth=364.19536pt
* \paperheight=273.14662pt
* \textwidth=307.28987pt
* \textheight=244.6939pt
* \oddsidemargin=-43.81725pt
* \evensidemargin=-43.81725pt
* \topmargin=-72.26999pt
* \headheight=14.22636pt
* \headsep=0.0pt
* \topskip=10.0pt
* \footskip=14.22636pt
* \marginparwidth=3.0pt
* \marginparsep=11.0pt
* \columnsep=10.0pt
* \skip\footins=9.0pt plus 4.0pt minus 2.0pt
* \hoffset=0.0pt
* \voffset=0.0pt
* \mag=1000
* \@twocolumnfalse
* \@twosidefalse
* \@mparswitchfalse
* \@reversemarginfalse
* (1in=72.27pt=25.4mm, 1cm=28.453pt)


(c:/Users/cruyf101/AppData/Roaming/TinyTeX/texmf-dist/tex/latex/epstopdf-pkg/ep
stopdf-base.sty
Package: epstopdf-base 2020-01-24 v2.11 Base part for package epstopdf
Package epstopdf-base Info: Redefining graphics rule for `.eps' on input line 4
85.

(c:/Users/cruyf101/AppData/Roaming/TinyTeX/texmf-dist/tex/latex/latexconfig/eps
topdf-sys.cfg
File: epstopdf-sys.cfg 2010/07/13 v1.3 Configuration of (r)epstopdf for TeX Liv
e
))
Package hyperref Info: Link coloring ON on input line 164.

(c:/Users/cruyf101/AppData/Roaming/TinyTeX/texmf-dist/tex/latex/hyperref/namere
f.sty
Package: nameref 2021-04-02 v2.47 Cross-referencing by name of section

(c:/Users/cruyf101/AppData/Roaming/TinyTeX/texmf-dist/tex/latex/refcount/refcou
nt.sty
Package: refcount 2019/12/15 v3.6 Data extraction from label references (HO)
)
(c:/Users/cruyf101/AppData/Roaming/TinyTeX/texmf-dist/tex/generic/gettitlestrin
g/gettitlestring.sty
Package: gettitlestring 2019/12/15 v1.6 Cleanup title references (HO)
)
\c@section@level=\count359
)
LaTeX Info: Redefining \ref on input line 164.
LaTeX Info: Redefining \pageref on input line 164.
LaTeX Info: Redefining \nameref on input line 164.
(./1B-Lecture-Bias-Variance-trade-off.out) (./1B-Lecture-Bias-Variance-trade-of
f.out)
\@outlinefile=\write6
\openout6 = `1B-Lecture-Bias-Variance-trade-off.out'.

LaTeX Font Info:    Overwriting symbol font `operators' in version `normal'
(Font)                  OT1/lmr/m/n --> OT1/cmss/m/n on input line 164.
LaTeX Font Info:    Overwriting symbol font `operators' in version `bold'
(Font)                  OT1/lmr/bx/n --> OT1/cmss/b/n on input line 164.
LaTeX Font Info:    Overwriting symbol font `operators' in version `normal'
(Font)                  OT1/cmss/m/n --> OT1/lmss/m/n on input line 164.
LaTeX Font Info:    Overwriting symbol font `operators' in version `bold'
(Font)                  OT1/cmss/b/n --> OT1/lmss/b/n on input line 164.
\symnumbers=\mathgroup6
\sympureletters=\mathgroup7
LaTeX Font Info:    Overwriting math alphabet `\mathrm' in version `normal'
(Font)                  OT1/lmss/m/n --> T1/lmr/m/n on input line 164.
LaTeX Font Info:    Redeclaring math alphabet \mathbf on input line 164.
LaTeX Font Info:    Overwriting math alphabet `\mathbf' in version `normal'
(Font)                  OT1/lmr/bx/n --> T1/lmss/b/n on input line 164.
LaTeX Font Info:    Overwriting math alphabet `\mathbf' in version `bold'
(Font)                  OT1/lmr/bx/n --> T1/lmss/b/n on input line 164.
LaTeX Font Info:    Redeclaring math alphabet \mathsf on input line 164.
LaTeX Font Info:    Overwriting math alphabet `\mathsf' in version `normal'
(Font)                  OT1/lmss/m/n --> T1/lmss/m/n on input line 164.
LaTeX Font Info:    Overwriting math alphabet `\mathsf' in version `bold'
(Font)                  OT1/lmss/bx/n --> T1/lmss/m/n on input line 164.
LaTeX Font Info:    Redeclaring math alphabet \mathit on input line 164.
LaTeX Font Info:    Overwriting math alphabet `\mathit' in version `normal'
(Font)                  OT1/lmr/m/it --> T1/lmss/m/it on input line 164.
LaTeX Font Info:    Overwriting math alphabet `\mathit' in version `bold'
(Font)                  OT1/lmr/bx/it --> T1/lmss/m/it on input line 164.
LaTeX Font Info:    Redeclaring math alphabet \mathtt on input line 164.
LaTeX Font Info:    Overwriting math alphabet `\mathtt' in version `normal'
(Font)                  OT1/lmtt/m/n --> T1/lmtt/m/n on input line 164.
LaTeX Font Info:    Overwriting math alphabet `\mathtt' in version `bold'
(Font)                  OT1/lmtt/m/n --> T1/lmtt/m/n on input line 164.
LaTeX Font Info:    Overwriting symbol font `numbers' in version `bold'
(Font)                  T1/lmss/m/n --> T1/lmss/b/n on input line 164.
LaTeX Font Info:    Overwriting symbol font `pureletters' in version `bold'
(Font)                  T1/lmss/m/it --> T1/lmss/b/it on input line 164.
LaTeX Font Info:    Overwriting math alphabet `\mathrm' in version `bold'
(Font)                  OT1/lmss/b/n --> T1/lmr/b/n on input line 164.
LaTeX Font Info:    Overwriting math alphabet `\mathbf' in version `bold'
(Font)                  T1/lmss/b/n --> T1/lmss/b/n on input line 164.
LaTeX Font Info:    Overwriting math alphabet `\mathsf' in version `bold'
(Font)                  T1/lmss/m/n --> T1/lmss/b/n on input line 164.
LaTeX Font Info:    Overwriting math alphabet `\mathit' in version `bold'
(Font)                  T1/lmss/m/it --> T1/lmss/b/it on input line 164.
LaTeX Font Info:    Overwriting math alphabet `\mathtt' in version `bold'
(Font)                  T1/lmtt/m/n --> T1/lmtt/b/n on input line 164.

(c:/Users/cruyf101/AppData/Roaming/TinyTeX/texmf-dist/tex/latex/translator/tran
slator-basic-dictionary-English.dict
Dictionary: translator-basic-dictionary, Language: English 
)
(c:/Users/cruyf101/AppData/Roaming/TinyTeX/texmf-dist/tex/latex/translator/tran
slator-bibliography-dictionary-English.dict
Dictionary: translator-bibliography-dictionary, Language: English 
)
(c:/Users/cruyf101/AppData/Roaming/TinyTeX/texmf-dist/tex/latex/translator/tran
slator-environment-dictionary-English.dict
Dictionary: translator-environment-dictionary, Language: English 
)
(c:/Users/cruyf101/AppData/Roaming/TinyTeX/texmf-dist/tex/latex/translator/tran
slator-months-dictionary-English.dict
Dictionary: translator-months-dictionary, Language: English 
)
(c:/Users/cruyf101/AppData/Roaming/TinyTeX/texmf-dist/tex/latex/translator/tran
slator-numbers-dictionary-English.dict
Dictionary: translator-numbers-dictionary, Language: English 
)
(c:/Users/cruyf101/AppData/Roaming/TinyTeX/texmf-dist/tex/latex/translator/tran
slator-theorem-dictionary-English.dict
Dictionary: translator-theorem-dictionary, Language: English 
)
Package caption Info: Begin \AtBeginDocument code.
Package caption Info: End \AtBeginDocument code.
(./1B-Lecture-Bias-Variance-trade-off.nav)
Overfull \vbox (39.39339pt too high) detected at line 165
 []

[1

{c:/Users/cruyf101/AppData/Roaming/TinyTeX/texmf-var/fonts/map/pdftex/updmap/pd
ftex.map}]
<pics/content.png, id=46, 650.43pt x 350.05782pt>
File: pics/content.png Graphic file (type png)
<use pics/content.png>
Package pdftex.def Info: pics/content.png  used on input line 170.
(pdftex.def)             Requested size: 307.30002pt x 165.38716pt.
[2

 <./pics/content.png>]
<pics/biasvariance.png, id=53, 507.95486pt x 319.02043pt>
File: pics/biasvariance.png Graphic file (type png)
<use pics/biasvariance.png>
Package pdftex.def Info: pics/biasvariance.png  used on input line 175.
(pdftex.def)             Requested size: 307.29427pt x 192.99577pt.
[3

 <./pics/biasvariance.png>]
\openout4 = `1B-Lecture-Bias-Variance-trade-off.vrb'.

(./1B-Lecture-Bias-Variance-trade-off.vrb
LaTeX Font Info:    Trying to load font information for T1+lmtt on input line 1
3.
(c:/Users/cruyf101/AppData/Roaming/TinyTeX/texmf-dist/tex/latex/lm/t1lmtt.fd
File: t1lmtt.fd 2015/05/01 v1.6.1 Font defs for Latin Modern
)) [4

]
LaTeX Font Info:    Trying to load font information for OT1+lmss on input line 
194.
(c:/Users/cruyf101/AppData/Roaming/TinyTeX/texmf-dist/tex/latex/lm/ot1lmss.fd
File: ot1lmss.fd 2015/05/01 v1.6.1 Font defs for Latin Modern
)
LaTeX Font Info:    Trying to load font information for OML+lmm on input line 1
94.
(c:/Users/cruyf101/AppData/Roaming/TinyTeX/texmf-dist/tex/latex/lm/omllmm.fd
File: omllmm.fd 2015/05/01 v1.6.1 Font defs for Latin Modern
)
LaTeX Font Info:    Trying to load font information for OMS+lmsy on input line 
194.
(c:/Users/cruyf101/AppData/Roaming/TinyTeX/texmf-dist/tex/latex/lm/omslmsy.fd
File: omslmsy.fd 2015/05/01 v1.6.1 Font defs for Latin Modern
)
LaTeX Font Info:    Trying to load font information for OMX+lmex on input line 
194.
(c:/Users/cruyf101/AppData/Roaming/TinyTeX/texmf-dist/tex/latex/lm/omxlmex.fd
File: omxlmex.fd 2015/05/01 v1.6.1 Font defs for Latin Modern
)
LaTeX Font Info:    External font `lmex10' loaded for size
(Font)              <10> on input line 194.
LaTeX Font Info:    External font `lmex10' loaded for size
(Font)              <7> on input line 194.
LaTeX Font Info:    External font `lmex10' loaded for size
(Font)              <5> on input line 194.
LaTeX Font Info:    Trying to load font information for U+msa on input line 194
.

(c:/Users/cruyf101/AppData/Roaming/TinyTeX/texmf-dist/tex/latex/amsfonts/umsa.f
d
File: umsa.fd 2013/01/14 v3.01 AMS symbols A
)
LaTeX Font Info:    Trying to load font information for U+msb on input line 194
.

(c:/Users/cruyf101/AppData/Roaming/TinyTeX/texmf-dist/tex/latex/amsfonts/umsb.f
d
File: umsb.fd 2013/01/14 v3.01 AMS symbols B
)
LaTeX Font Info:    Font shape `T1/lmss/m/it' in size <10> not available
(Font)              Font shape `T1/lmss/m/sl' tried instead on input line 194.
LaTeX Font Info:    Font shape `T1/lmss/m/it' in size <7> not available
(Font)              Font shape `T1/lmss/m/sl' tried instead on input line 194.
LaTeX Font Info:    Font shape `T1/lmss/m/it' in size <5> not available
(Font)              Font shape `T1/lmss/m/sl' tried instead on input line 194.
[5

]
LaTeX Font Info:    Trying to load font information for TS1+lmss on input line 
232.
(c:/Users/cruyf101/AppData/Roaming/TinyTeX/texmf-dist/tex/latex/lm/ts1lmss.fd
File: ts1lmss.fd 2015/05/01 v1.6.1 Font defs for Latin Modern
) [6

]
<pics/supervised.png, id=85, 1139.25626pt x 602.25pt>
File: pics/supervised.png Graphic file (type png)
<use pics/supervised.png>
Package pdftex.def Info: pics/supervised.png  used on input line 244.
(pdftex.def)             Requested size: 307.29039pt x 162.44426pt.

Overfull \vbox (0.18007pt too high) detected at line 244
 []

[7

 <./pics/supervised.png>]
<pics/algorithm.jpg, id=94, 602.25pt x 518.93875pt>
File: pics/algorithm.jpg Graphic file (type jpg)
<use pics/algorithm.jpg>
Package pdftex.def Info: pics/algorithm.jpg  used on input line 251.
(pdftex.def)             Requested size: 215.10057pt x 185.34499pt.
[8

 <./pics/Algorithm.jpg>]
<pics/prediction.png, id=101, 718.93594pt x 344.78813pt>
File: pics/prediction.png Graphic file (type png)
<use pics/prediction.png>
Package pdftex.def Info: pics/prediction.png  used on input line 263.
(pdftex.def)             Requested size: 307.29346pt x 147.37215pt.
[9

 <./pics/Prediction.png>]
<pics/machine_learning.png, id=109, 372.39125pt x 440.64626pt>
File: pics/machine_learning.png Graphic file (type png)
<use pics/machine_learning.png>
Package pdftex.def Info: pics/machine_learning.png  used on input line 270.
(pdftex.def)             Requested size: 122.91222pt x 145.4406pt.
[10

 <./pics/machine_learning.png>] [11

] [12

]
LaTeX Font Info:    External font `lmex10' loaded for size
(Font)              <12> on input line 315.
LaTeX Font Info:    External font `lmex10' loaded for size
(Font)              <8> on input line 315.
LaTeX Font Info:    External font `lmex10' loaded for size
(Font)              <6> on input line 315.
LaTeX Font Info:    Font shape `T1/lmss/m/it' in size <12> not available
(Font)              Font shape `T1/lmss/m/sl' tried instead on input line 315.
LaTeX Font Info:    Font shape `T1/lmss/m/it' in size <8> not available
(Font)              Font shape `T1/lmss/m/sl' tried instead on input line 315.
LaTeX Font Info:    Font shape `T1/lmss/m/it' in size <6> not available
(Font)              Font shape `T1/lmss/m/sl' tried instead on input line 315.
[13

]
<pics/complexity.png, id=141, 484.81125pt x 305.64188pt>
File: pics/complexity.png Graphic file (type png)
<use pics/complexity.png>
Package pdftex.def Info: pics/complexity.png  used on input line 320.
(pdftex.def)             Requested size: 307.30429pt x 193.7353pt.
[14

 <./pics/complexity.png>] [15

] [16

]
<pics/residuals.png, id=160, 301.125pt x 186.6975pt>
File: pics/residuals.png Graphic file (type png)
<use pics/residuals.png>
Package pdftex.def Info: pics/residuals.png  used on input line 364.
(pdftex.def)             Requested size: 112.92159pt x 70.01138pt.
[17

 <./pics/residuals.png>]
<pics/b_vs_v.png, id=171, 616.55344pt x 219.06844pt>
File: pics/b_vs_v.png Graphic file (type png)
<use pics/b_vs_v.png>
Package pdftex.def Info: pics/b_vs_v.png  used on input line 379.
(pdftex.def)             Requested size: 307.29755pt x 109.1863pt.

Overfull \vbox (13.67188pt too high) detected at line 379
 []

[18

 <./pics/b_vs_v.png>]
File: pics/biasvariance.png Graphic file (type png)
<use pics/biasvariance.png>
Package pdftex.def Info: pics/biasvariance.png  used on input line 388.
(pdftex.def)             Requested size: 307.29427pt x 192.99577pt.

Overfull \vbox (24.28165pt too high) detected at line 388
 []

[19

] [20

] [21

]
<1B-Lecture-Bias-Variance-trade-off_files/figure-beamer/unnamed-chunk-5-1.pdf, 
id=198, 722.7pt x 505.89pt>
File: 1B-Lecture-Bias-Variance-trade-off_files/figure-beamer/unnamed-chunk-5-1.
pdf Graphic file (type pdf)
<use 1B-Lecture-Bias-Variance-trade-off_files/figure-beamer/unnamed-chunk-5-1.p
df>
Package pdftex.def Info: 1B-Lecture-Bias-Variance-trade-off_files/figure-beamer
/unnamed-chunk-5-1.pdf  used on input line 430.
(pdftex.def)             Requested size: 307.2923pt x 215.1046pt.

Overfull \vbox (38.48491pt too high) detected at line 430
 []

[22

 <./1B-Lecture-Bias-Variance-trade-off_files/figure-beamer/unnamed-chunk-5-1.pd
f>] [23

]
<1B-Lecture-Bias-Variance-trade-off_files/figure-beamer/unnamed-chunk-6-1.pdf, 
id=216, 722.7pt x 505.89pt>
File: 1B-Lecture-Bias-Variance-trade-off_files/figure-beamer/unnamed-chunk-6-1.
pdf Graphic file (type pdf)
<use 1B-Lecture-Bias-Variance-trade-off_files/figure-beamer/unnamed-chunk-6-1.p
df>
Package pdftex.def Info: 1B-Lecture-Bias-Variance-trade-off_files/figure-beamer
/unnamed-chunk-6-1.pdf  used on input line 463.
(pdftex.def)             Requested size: 307.2923pt x 215.1046pt.

Overfull \vbox (38.48491pt too high) detected at line 463
 []

[24

 <./1B-Lecture-Bias-Variance-trade-off_files/figure-beamer/unnamed-chunk-6-1.pd
f>] [25

]
<1B-Lecture-Bias-Variance-trade-off_files/figure-beamer/unnamed-chunk-7-1.pdf, 
id=235, 722.7pt x 505.89pt>
File: 1B-Lecture-Bias-Variance-trade-off_files/figure-beamer/unnamed-chunk-7-1.
pdf Graphic file (type pdf)
<use 1B-Lecture-Bias-Variance-trade-off_files/figure-beamer/unnamed-chunk-7-1.p
df>
Package pdftex.def Info: 1B-Lecture-Bias-Variance-trade-off_files/figure-beamer
/unnamed-chunk-7-1.pdf  used on input line 497.
(pdftex.def)             Requested size: 307.2923pt x 215.1046pt.

Overfull \vbox (38.48491pt too high) detected at line 497
 []

[26

 <./1B-Lecture-Bias-Variance-trade-off_files/figure-beamer/unnamed-chunk-7-1.pd
f>] [27

] [28

] [29

] [30

]
<pics/cv.png, id=271, 264.99pt x 107.65219pt>
File: pics/cv.png Graphic file (type png)
<use pics/cv.png>
Package pdftex.def Info: pics/cv.png  used on input line 590.
(pdftex.def)             Requested size: 184.37575pt x 74.90263pt.
[31

 <./pics/cv.png>]
File: pics/cv.png Graphic file (type png)
<use pics/cv.png>
Package pdftex.def Info: pics/cv.png  used on input line 606.
(pdftex.def)             Requested size: 184.37575pt x 74.90263pt.
[32

]
<pics/train_test.png, id=285, 527.72156pt x 359.84438pt>
File: pics/train_test.png Graphic file (type png)
<use pics/train_test.png>
Package pdftex.def Info: pics/train_test.png  used on input line 613.
(pdftex.def)             Requested size: 245.83087pt x 167.62788pt.
[33

 <./pics/train_test.png>]
LaTeX Font Info:    Font shape `T1/lmtt/bx/n' in size <14.4> not available
(Font)              Font shape `T1/lmtt/b/n' tried instead on input line 617.
[34

] [35

]
<pics/KNN.png, id=308, 1621.05624pt x 747.79375pt>
File: pics/KNN.png Graphic file (type png)
<use pics/KNN.png>
Package pdftex.def Info: pics/KNN.png  used on input line 657.
(pdftex.def)             Requested size: 276.54059pt x 127.56825pt.

Overfull \vbox (3.87006pt too high) detected at line 657
 []

[36

 <./pics/KNN.png>]
<pics/knn6.png, id=317, 433.62pt x 578.16pt>
File: pics/knn6.png Graphic file (type png)
<use pics/knn6.png>
Package pdftex.def Info: pics/knn6.png  used on input line 666.
(pdftex.def)             Requested size: 186.41327pt x 248.55101pt.

Overfull \vbox (35.64777pt too high) detected at line 666
 []

[37

 <./pics/knn6.png (PNG copy)>]
\openout4 = `1B-Lecture-Bias-Variance-trade-off.vrb'.

(./1B-Lecture-Bias-Variance-trade-off.vrb)
Overfull \vbox (6.85507pt too high) detected at line 696
 []

[38

]
\openout4 = `1B-Lecture-Bias-Variance-trade-off.vrb'.

(./1B-Lecture-Bias-Variance-trade-off.vrb) [39

]
\openout4 = `1B-Lecture-Bias-Variance-trade-off.vrb'.

(./1B-Lecture-Bias-Variance-trade-off.vrb) [40

]
\tf@nav=\write7
\openout7 = `1B-Lecture-Bias-Variance-trade-off.nav'.

\tf@toc=\write8
\openout8 = `1B-Lecture-Bias-Variance-trade-off.toc'.

\tf@snm=\write9
\openout9 = `1B-Lecture-Bias-Variance-trade-off.snm'.

(./1B-Lecture-Bias-Variance-trade-off.aux)
Package rerunfilecheck Info: File `1B-Lecture-Bias-Variance-trade-off.out' has 
not changed.
(rerunfilecheck)             Checksum: 5ADC89E07A69CAFBB4BCFA2A82D0C5C0;811.
 ) 
Here is how much of TeX's memory you used:
 26722 strings out of 480477
 527754 string characters out of 5897329
 806986 words of memory out of 5000000
 43687 multiletter control sequences out of 15000+600000
 481625 words of font info for 84 fonts, out of 8000000 for 9000
 14 hyphenation exceptions out of 8191
 101i,13n,113p,1835b,743s stack positions out of 5000i,500n,10000p,200000b,80000s
{c:/Users/cruyf101/AppData/Roaming/TinyTeX/texmf-dist/fonts/enc/dvips/lm/lm-e
c.enc}{c:/Users/cruyf101/AppData/Roaming/TinyTeX/texmf-dist/fonts/enc/dvips/lm/
lm-rm.enc}{c:/Users/cruyf101/AppData/Roaming/TinyTeX/texmf-dist/fonts/enc/dvips
/lm/lm-mathit.enc}{c:/Users/cruyf101/AppData/Roaming/TinyTeX/texmf-dist/fonts/e
nc/dvips/lm/lm-mathsy.enc}{c:/Users/cruyf101/AppData/Roaming/TinyTeX/texmf-dist
/fonts/enc/dvips/lm/lm-mathex.enc}{c:/Users/cruyf101/AppData/Roaming/TinyTeX/te
xmf-dist/fonts/enc/dvips/lm/lm-ts1.enc}<c:/Users/cruyf101/AppData/Roaming/TinyT
eX/texmf-dist/fonts/type1/public/lm/lmex10.pfb><c:/Users/cruyf101/AppData/Roami
ng/TinyTeX/texmf-dist/fonts/type1/public/lm/lmmi10.pfb><c:/Users/cruyf101/AppDa
ta/Roaming/TinyTeX/texmf-dist/fonts/type1/public/lm/lmmi7.pfb><c:/Users/cruyf10
1/AppData/Roaming/TinyTeX/texmf-dist/fonts/type1/public/lm/lmss10.pfb><c:/Users
/cruyf101/AppData/Roaming/TinyTeX/texmf-dist/fonts/type1/public/lm/lmss12.pfb><
c:/Users/cruyf101/AppData/Roaming/TinyTeX/texmf-dist/fonts/type1/public/lm/lmss
8.pfb><c:/Users/cruyf101/AppData/Roaming/TinyTeX/texmf-dist/fonts/type1/public/
lm/lmss9.pfb><c:/Users/cruyf101/AppData/Roaming/TinyTeX/texmf-dist/fonts/type1/
public/lm/lmssbx10.pfb><c:/Users/cruyf101/AppData/Roaming/TinyTeX/texmf-dist/fo
nts/type1/public/lm/lmsso10.pfb><c:/Users/cruyf101/AppData/Roaming/TinyTeX/texm
f-dist/fonts/type1/public/lm/lmsso12.pfb><c:/Users/cruyf101/AppData/Roaming/Tin
yTeX/texmf-dist/fonts/type1/public/lm/lmsso8.pfb><c:/Users/cruyf101/AppData/Roa
ming/TinyTeX/texmf-dist/fonts/type1/public/lm/lmsy10.pfb><c:/Users/cruyf101/App
Data/Roaming/TinyTeX/texmf-dist/fonts/type1/public/lm/lmtk10.pfb><c:/Users/cruy
f101/AppData/Roaming/TinyTeX/texmf-dist/fonts/type1/public/lm/lmtt10.pfb><c:/Us
ers/cruyf101/AppData/Roaming/TinyTeX/texmf-dist/fonts/type1/public/lm/lmtt8.pfb
><c:/Users/cruyf101/AppData/Roaming/TinyTeX/texmf-dist/fonts/type1/public/lm/lm
tti10.pfb>
Output written on 1B-Lecture-Bias-Variance-trade-off.pdf (40 pages, 942270 byte
s).
PDF statistics:
 458 PDF objects out of 1000 (max. 8388607)
 345 compressed objects within 4 object streams
 120 named destinations out of 1000 (max. 500000)
 171 words of extra memory for PDF output out of 10000 (max. 10000000)

