This is XeTeX, Version 3.141592653-2.6-0.999993 (TeX Live 2021/W32TeX) (preloaded format=xelatex 2021.7.17)  18 JUL 2021 23:34
entering extended mode
 restricted \write18 enabled.
 %&-line parsing enabled.
**1A-Lecture-Data-Visualization.tex
(./1A-Lecture-Data-Visualization.tex
LaTeX2e <2021-06-01> patch level 1
L3 programming layer <2021-07-12>
(c:/Users/haqiq001/AppData/Roaming/TinyTeX/texmf-dist/tex/latex/beamer/beamer.c
ls
Document Class: beamer 2021/05/26 v3.63 A class for typesetting presentations

(c:/Users/haqiq001/AppData/Roaming/TinyTeX/texmf-dist/tex/latex/beamer/beamerba
semodes.sty
(c:/Users/haqiq001/AppData/Roaming/TinyTeX/texmf-dist/tex/latex/etoolbox/etoolb
ox.sty
Package: etoolbox 2020/10/05 v2.5k e-TeX tools for LaTeX (JAW)
\etb@tempcnta=\count178
)
\beamer@tempbox=\box50
\beamer@tempcount=\count179
\c@beamerpauses=\count180

(c:/Users/haqiq001/AppData/Roaming/TinyTeX/texmf-dist/tex/latex/beamer/beamerba
sedecode.sty
\beamer@slideinframe=\count181
\beamer@minimum=\count182
\beamer@decode@box=\box51
)
\beamer@commentbox=\box52
\beamer@modecount=\count183
)
(c:/Users/haqiq001/AppData/Roaming/TinyTeX/texmf-dist/tex/generic/iftex/ifpdf.s
ty
Package: ifpdf 2019/10/25 v3.4 ifpdf legacy package. Use iftex instead.

(c:/Users/haqiq001/AppData/Roaming/TinyTeX/texmf-dist/tex/generic/iftex/iftex.s
ty
Package: iftex 2020/03/06 v1.0d TeX engine tests
))
\headdp=\dimen138
\footheight=\dimen139
\sidebarheight=\dimen140
\beamer@tempdim=\dimen141
\beamer@finalheight=\dimen142
\beamer@animht=\dimen143
\beamer@animdp=\dimen144
\beamer@animwd=\dimen145
\beamer@leftmargin=\dimen146
\beamer@rightmargin=\dimen147
\beamer@leftsidebar=\dimen148
\beamer@rightsidebar=\dimen149
\beamer@boxsize=\dimen150
\beamer@vboxoffset=\dimen151
\beamer@descdefault=\dimen152
\beamer@descriptionwidth=\dimen153
\beamer@lastskip=\skip47
\beamer@areabox=\box53
\beamer@animcurrent=\box54
\beamer@animshowbox=\box55
\beamer@sectionbox=\box56
\beamer@logobox=\box57
\beamer@linebox=\box58
\beamer@sectioncount=\count184
\beamer@subsubsectionmax=\count185
\beamer@subsectionmax=\count186
\beamer@sectionmax=\count187
\beamer@totalheads=\count188
\beamer@headcounter=\count189
\beamer@partstartpage=\count190
\beamer@sectionstartpage=\count191
\beamer@subsectionstartpage=\count192
\beamer@animationtempa=\count193
\beamer@animationtempb=\count194
\beamer@xpos=\count195
\beamer@ypos=\count196
\beamer@ypos@offset=\count197
\beamer@showpartnumber=\count198
\beamer@currentsubsection=\count199
\beamer@coveringdepth=\count266
\beamer@sectionadjust=\count267
\beamer@toclastsection=\count268
\beamer@tocsectionnumber=\count269

(c:/Users/haqiq001/AppData/Roaming/TinyTeX/texmf-dist/tex/latex/beamer/beamerba
seoptions.sty
(c:/Users/haqiq001/AppData/Roaming/TinyTeX/texmf-dist/tex/latex/graphics/keyval
.sty
Package: keyval 2014/10/28 v1.15 key=value parser (DPC)
\KV@toks@=\toks16
))
\beamer@paperwidth=\skip48
\beamer@paperheight=\skip49

(c:/Users/haqiq001/AppData/Roaming/TinyTeX/texmf-dist/tex/latex/geometry/geomet
ry.sty
Package: geometry 2020/01/02 v5.9 Page Geometry

(c:/Users/haqiq001/AppData/Roaming/TinyTeX/texmf-dist/tex/generic/iftex/ifvtex.
sty
Package: ifvtex 2019/10/25 v1.7 ifvtex legacy package. Use iftex instead.
)
\Gm@cnth=\count270
\Gm@cntv=\count271
\c@Gm@tempcnt=\count272
\Gm@bindingoffset=\dimen154
\Gm@wd@mp=\dimen155
\Gm@odd@mp=\dimen156
\Gm@even@mp=\dimen157
\Gm@layoutwidth=\dimen158
\Gm@layoutheight=\dimen159
\Gm@layouthoffset=\dimen160
\Gm@layoutvoffset=\dimen161
\Gm@dimlist=\toks17
)
(c:/Users/haqiq001/AppData/Roaming/TinyTeX/texmf-dist/tex/latex/base/size10.clo
File: size10.clo 2021/02/12 v1.4n Standard LaTeX file (size option)
)
(c:/Users/haqiq001/AppData/Roaming/TinyTeX/texmf-dist/tex/latex/pgf/basiclayer/
pgfcore.sty
(c:/Users/haqiq001/AppData/Roaming/TinyTeX/texmf-dist/tex/latex/graphics/graphi
cx.sty
Package: graphicx 2020/12/05 v1.2c Enhanced LaTeX Graphics (DPC,SPQR)

(c:/Users/haqiq001/AppData/Roaming/TinyTeX/texmf-dist/tex/latex/graphics/graphi
cs.sty
Package: graphics 2021/03/04 v1.4d Standard LaTeX Graphics (DPC,SPQR)

(c:/Users/haqiq001/AppData/Roaming/TinyTeX/texmf-dist/tex/latex/graphics/trig.s
ty
Package: trig 2016/01/03 v1.10 sin cos tan (DPC)
)
(c:/Users/haqiq001/AppData/Roaming/TinyTeX/texmf-dist/tex/latex/graphics-cfg/gr
aphics.cfg
File: graphics.cfg 2016/06/04 v1.11 sample graphics configuration
)
Package graphics Info: Driver file: xetex.def on input line 107.

(c:/Users/haqiq001/AppData/Roaming/TinyTeX/texmf-dist/tex/latex/graphics-def/xe
tex.def
File: xetex.def 2021/03/18 v5.0k Graphics/color driver for xetex
))
\Gin@req@height=\dimen162
\Gin@req@width=\dimen163
)
(c:/Users/haqiq001/AppData/Roaming/TinyTeX/texmf-dist/tex/latex/pgf/systemlayer
/pgfsys.sty
(c:/Users/haqiq001/AppData/Roaming/TinyTeX/texmf-dist/tex/latex/pgf/utilities/p
gfrcs.sty
(c:/Users/haqiq001/AppData/Roaming/TinyTeX/texmf-dist/tex/generic/pgf/utilities
/pgfutil-common.tex
\pgfutil@everybye=\toks18
\pgfutil@tempdima=\dimen164
\pgfutil@tempdimb=\dimen165

(c:/Users/haqiq001/AppData/Roaming/TinyTeX/texmf-dist/tex/generic/pgf/utilities
/pgfutil-common-lists.tex))
(c:/Users/haqiq001/AppData/Roaming/TinyTeX/texmf-dist/tex/generic/pgf/utilities
/pgfutil-latex.def
\pgfutil@abb=\box59
)
(c:/Users/haqiq001/AppData/Roaming/TinyTeX/texmf-dist/tex/generic/pgf/utilities
/pgfrcs.code.tex
(c:/Users/haqiq001/AppData/Roaming/TinyTeX/texmf-dist/tex/generic/pgf/pgf.revis
ion.tex)
Package: pgfrcs 2021/05/15 v3.1.9a (3.1.9a)
))
(c:/Users/haqiq001/AppData/Roaming/TinyTeX/texmf-dist/tex/generic/pgf/systemlay
er/pgfsys.code.tex
Package: pgfsys 2021/05/15 v3.1.9a (3.1.9a)

(c:/Users/haqiq001/AppData/Roaming/TinyTeX/texmf-dist/tex/generic/pgf/utilities
/pgfkeys.code.tex
\pgfkeys@pathtoks=\toks19
\pgfkeys@temptoks=\toks20

(c:/Users/haqiq001/AppData/Roaming/TinyTeX/texmf-dist/tex/generic/pgf/utilities
/pgfkeysfiltered.code.tex
\pgfkeys@tmptoks=\toks21
))
\pgf@x=\dimen166
\pgf@y=\dimen167
\pgf@xa=\dimen168
\pgf@ya=\dimen169
\pgf@xb=\dimen170
\pgf@yb=\dimen171
\pgf@xc=\dimen172
\pgf@yc=\dimen173
\pgf@xd=\dimen174
\pgf@yd=\dimen175
\w@pgf@writea=\write3
\r@pgf@reada=\read2
\c@pgf@counta=\count273
\c@pgf@countb=\count274
\c@pgf@countc=\count275
\c@pgf@countd=\count276
\t@pgf@toka=\toks22
\t@pgf@tokb=\toks23
\t@pgf@tokc=\toks24
\pgf@sys@id@count=\count277

(c:/Users/haqiq001/AppData/Roaming/TinyTeX/texmf-dist/tex/generic/pgf/systemlay
er/pgf.cfg
File: pgf.cfg 2021/05/15 v3.1.9a (3.1.9a)
)
Driver file for pgf: pgfsys-xetex.def

(c:/Users/haqiq001/AppData/Roaming/TinyTeX/texmf-dist/tex/generic/pgf/systemlay
er/pgfsys-xetex.def
File: pgfsys-xetex.def 2021/05/15 v3.1.9a (3.1.9a)

(c:/Users/haqiq001/AppData/Roaming/TinyTeX/texmf-dist/tex/generic/pgf/systemlay
er/pgfsys-dvipdfmx.def
File: pgfsys-dvipdfmx.def 2021/05/15 v3.1.9a (3.1.9a)

(c:/Users/haqiq001/AppData/Roaming/TinyTeX/texmf-dist/tex/generic/pgf/systemlay
er/pgfsys-common-pdf.def
File: pgfsys-common-pdf.def 2021/05/15 v3.1.9a (3.1.9a)
)
\pgfsys@objnum=\count278
)))
(c:/Users/haqiq001/AppData/Roaming/TinyTeX/texmf-dist/tex/generic/pgf/systemlay
er/pgfsyssoftpath.code.tex
File: pgfsyssoftpath.code.tex 2021/05/15 v3.1.9a (3.1.9a)
\pgfsyssoftpath@smallbuffer@items=\count279
\pgfsyssoftpath@bigbuffer@items=\count280
)
(c:/Users/haqiq001/AppData/Roaming/TinyTeX/texmf-dist/tex/generic/pgf/systemlay
er/pgfsysprotocol.code.tex
File: pgfsysprotocol.code.tex 2021/05/15 v3.1.9a (3.1.9a)
))
(c:/Users/haqiq001/AppData/Roaming/TinyTeX/texmf-dist/tex/latex/xcolor/xcolor.s
ty
Package: xcolor 2016/05/11 v2.12 LaTeX color extensions (UK)

(c:/Users/haqiq001/AppData/Roaming/TinyTeX/texmf-dist/tex/latex/graphics-cfg/co
lor.cfg
File: color.cfg 2016/01/02 v1.6 sample color configuration
)
Package xcolor Info: Driver file: xetex.def on input line 225.
Package xcolor Info: Model `cmy' substituted by `cmy0' on input line 1348.
Package xcolor Info: Model `RGB' extended on input line 1364.
Package xcolor Info: Model `HTML' substituted by `rgb' on input line 1366.
Package xcolor Info: Model `Hsb' substituted by `hsb' on input line 1367.
Package xcolor Info: Model `tHsb' substituted by `hsb' on input line 1368.
Package xcolor Info: Model `HSB' substituted by `hsb' on input line 1369.
Package xcolor Info: Model `Gray' substituted by `gray' on input line 1370.
Package xcolor Info: Model `wave' substituted by `hsb' on input line 1371.
)
(c:/Users/haqiq001/AppData/Roaming/TinyTeX/texmf-dist/tex/generic/pgf/basiclaye
r/pgfcore.code.tex
Package: pgfcore 2021/05/15 v3.1.9a (3.1.9a)

(c:/Users/haqiq001/AppData/Roaming/TinyTeX/texmf-dist/tex/generic/pgf/math/pgfm
ath.code.tex
(c:/Users/haqiq001/AppData/Roaming/TinyTeX/texmf-dist/tex/generic/pgf/math/pgfm
athcalc.code.tex
(c:/Users/haqiq001/AppData/Roaming/TinyTeX/texmf-dist/tex/generic/pgf/math/pgfm
athutil.code.tex)
(c:/Users/haqiq001/AppData/Roaming/TinyTeX/texmf-dist/tex/generic/pgf/math/pgfm
athparser.code.tex
\pgfmath@dimen=\dimen176
\pgfmath@count=\count281
\pgfmath@box=\box60
\pgfmath@toks=\toks25
\pgfmath@stack@operand=\toks26
\pgfmath@stack@operation=\toks27
)
(c:/Users/haqiq001/AppData/Roaming/TinyTeX/texmf-dist/tex/generic/pgf/math/pgfm
athfunctions.code.tex
(c:/Users/haqiq001/AppData/Roaming/TinyTeX/texmf-dist/tex/generic/pgf/math/pgfm
athfunctions.basic.code.tex)
(c:/Users/haqiq001/AppData/Roaming/TinyTeX/texmf-dist/tex/generic/pgf/math/pgfm
athfunctions.trigonometric.code.tex)
(c:/Users/haqiq001/AppData/Roaming/TinyTeX/texmf-dist/tex/generic/pgf/math/pgfm
athfunctions.random.code.tex)
(c:/Users/haqiq001/AppData/Roaming/TinyTeX/texmf-dist/tex/generic/pgf/math/pgfm
athfunctions.comparison.code.tex)
(c:/Users/haqiq001/AppData/Roaming/TinyTeX/texmf-dist/tex/generic/pgf/math/pgfm
athfunctions.base.code.tex)
(c:/Users/haqiq001/AppData/Roaming/TinyTeX/texmf-dist/tex/generic/pgf/math/pgfm
athfunctions.round.code.tex)
(c:/Users/haqiq001/AppData/Roaming/TinyTeX/texmf-dist/tex/generic/pgf/math/pgfm
athfunctions.misc.code.tex)
(c:/Users/haqiq001/AppData/Roaming/TinyTeX/texmf-dist/tex/generic/pgf/math/pgfm
athfunctions.integerarithmetics.code.tex)))
(c:/Users/haqiq001/AppData/Roaming/TinyTeX/texmf-dist/tex/generic/pgf/math/pgfm
athfloat.code.tex
\c@pgfmathroundto@lastzeros=\count282
))
(c:/Users/haqiq001/AppData/Roaming/TinyTeX/texmf-dist/tex/generic/pgf/math/pgfi
nt.code.tex)
(c:/Users/haqiq001/AppData/Roaming/TinyTeX/texmf-dist/tex/generic/pgf/basiclaye
r/pgfcorepoints.code.tex
File: pgfcorepoints.code.tex 2021/05/15 v3.1.9a (3.1.9a)
\pgf@picminx=\dimen177
\pgf@picmaxx=\dimen178
\pgf@picminy=\dimen179
\pgf@picmaxy=\dimen180
\pgf@pathminx=\dimen181
\pgf@pathmaxx=\dimen182
\pgf@pathminy=\dimen183
\pgf@pathmaxy=\dimen184
\pgf@xx=\dimen185
\pgf@xy=\dimen186
\pgf@yx=\dimen187
\pgf@yy=\dimen188
\pgf@zx=\dimen189
\pgf@zy=\dimen190
)
(c:/Users/haqiq001/AppData/Roaming/TinyTeX/texmf-dist/tex/generic/pgf/basiclaye
r/pgfcorepathconstruct.code.tex
File: pgfcorepathconstruct.code.tex 2021/05/15 v3.1.9a (3.1.9a)
\pgf@path@lastx=\dimen191
\pgf@path@lasty=\dimen192
)
(c:/Users/haqiq001/AppData/Roaming/TinyTeX/texmf-dist/tex/generic/pgf/basiclaye
r/pgfcorepathusage.code.tex
File: pgfcorepathusage.code.tex 2021/05/15 v3.1.9a (3.1.9a)
\pgf@shorten@end@additional=\dimen193
\pgf@shorten@start@additional=\dimen194
)
(c:/Users/haqiq001/AppData/Roaming/TinyTeX/texmf-dist/tex/generic/pgf/basiclaye
r/pgfcorescopes.code.tex
File: pgfcorescopes.code.tex 2021/05/15 v3.1.9a (3.1.9a)
\pgfpic=\box61
\pgf@hbox=\box62
\pgf@layerbox@main=\box63
\pgf@picture@serial@count=\count283
)
(c:/Users/haqiq001/AppData/Roaming/TinyTeX/texmf-dist/tex/generic/pgf/basiclaye
r/pgfcoregraphicstate.code.tex
File: pgfcoregraphicstate.code.tex 2021/05/15 v3.1.9a (3.1.9a)
\pgflinewidth=\dimen195
)
(c:/Users/haqiq001/AppData/Roaming/TinyTeX/texmf-dist/tex/generic/pgf/basiclaye
r/pgfcoretransformations.code.tex
File: pgfcoretransformations.code.tex 2021/05/15 v3.1.9a (3.1.9a)
\pgf@pt@x=\dimen196
\pgf@pt@y=\dimen197
\pgf@pt@temp=\dimen198
)
(c:/Users/haqiq001/AppData/Roaming/TinyTeX/texmf-dist/tex/generic/pgf/basiclaye
r/pgfcorequick.code.tex
File: pgfcorequick.code.tex 2021/05/15 v3.1.9a (3.1.9a)
)
(c:/Users/haqiq001/AppData/Roaming/TinyTeX/texmf-dist/tex/generic/pgf/basiclaye
r/pgfcoreobjects.code.tex
File: pgfcoreobjects.code.tex 2021/05/15 v3.1.9a (3.1.9a)
)
(c:/Users/haqiq001/AppData/Roaming/TinyTeX/texmf-dist/tex/generic/pgf/basiclaye
r/pgfcorepathprocessing.code.tex
File: pgfcorepathprocessing.code.tex 2021/05/15 v3.1.9a (3.1.9a)
)
(c:/Users/haqiq001/AppData/Roaming/TinyTeX/texmf-dist/tex/generic/pgf/basiclaye
r/pgfcorearrows.code.tex
File: pgfcorearrows.code.tex 2021/05/15 v3.1.9a (3.1.9a)
\pgfarrowsep=\dimen199
)
(c:/Users/haqiq001/AppData/Roaming/TinyTeX/texmf-dist/tex/generic/pgf/basiclaye
r/pgfcoreshade.code.tex
File: pgfcoreshade.code.tex 2021/05/15 v3.1.9a (3.1.9a)
\pgf@max=\dimen256
\pgf@sys@shading@range@num=\count284
\pgf@shadingcount=\count285
)
(c:/Users/haqiq001/AppData/Roaming/TinyTeX/texmf-dist/tex/generic/pgf/basiclaye
r/pgfcoreimage.code.tex
File: pgfcoreimage.code.tex 2021/05/15 v3.1.9a (3.1.9a)

(c:/Users/haqiq001/AppData/Roaming/TinyTeX/texmf-dist/tex/generic/pgf/basiclaye
r/pgfcoreexternal.code.tex
File: pgfcoreexternal.code.tex 2021/05/15 v3.1.9a (3.1.9a)
\pgfexternal@startupbox=\box64
))
(c:/Users/haqiq001/AppData/Roaming/TinyTeX/texmf-dist/tex/generic/pgf/basiclaye
r/pgfcorelayers.code.tex
File: pgfcorelayers.code.tex 2021/05/15 v3.1.9a (3.1.9a)
)
(c:/Users/haqiq001/AppData/Roaming/TinyTeX/texmf-dist/tex/generic/pgf/basiclaye
r/pgfcoretransparency.code.tex
File: pgfcoretransparency.code.tex 2021/05/15 v3.1.9a (3.1.9a)
)
(c:/Users/haqiq001/AppData/Roaming/TinyTeX/texmf-dist/tex/generic/pgf/basiclaye
r/pgfcorepatterns.code.tex
File: pgfcorepatterns.code.tex 2021/05/15 v3.1.9a (3.1.9a)
)
(c:/Users/haqiq001/AppData/Roaming/TinyTeX/texmf-dist/tex/generic/pgf/basiclaye
r/pgfcorerdf.code.tex
File: pgfcorerdf.code.tex 2021/05/15 v3.1.9a (3.1.9a)
)))
(c:/Users/haqiq001/AppData/Roaming/TinyTeX/texmf-dist/tex/latex/pgf/utilities/x
xcolor.sty
Package: xxcolor 2003/10/24 ver 0.1
\XC@nummixins=\count286
\XC@countmixins=\count287
)
(c:/Users/haqiq001/AppData/Roaming/TinyTeX/texmf-dist/tex/latex/base/atbegshi-l
tx.sty
Package: atbegshi-ltx 2021/01/10 v1.0c Emulation of the original atbegshi
package with kernel methods
)
(c:/Users/haqiq001/AppData/Roaming/TinyTeX/texmf-dist/tex/latex/hyperref/hyperr
ef.sty
Package: hyperref 2021-06-07 v7.00m Hypertext links for LaTeX

(c:/Users/haqiq001/AppData/Roaming/TinyTeX/texmf-dist/tex/generic/ltxcmds/ltxcm
ds.sty
Package: ltxcmds 2020-05-10 v1.25 LaTeX kernel commands for general use (HO)
)
(c:/Users/haqiq001/AppData/Roaming/TinyTeX/texmf-dist/tex/generic/pdftexcmds/pd
ftexcmds.sty
Package: pdftexcmds 2020-06-27 v0.33 Utility functions of pdfTeX for LuaTeX (HO
)

(c:/Users/haqiq001/AppData/Roaming/TinyTeX/texmf-dist/tex/generic/infwarerr/inf
warerr.sty
Package: infwarerr 2019/12/03 v1.5 Providing info/warning/error messages (HO)
)
Package pdftexcmds Info: \pdf@primitive is available.
Package pdftexcmds Info: \pdf@ifprimitive is available.
Package pdftexcmds Info: \pdfdraftmode not found.
)
(c:/Users/haqiq001/AppData/Roaming/TinyTeX/texmf-dist/tex/generic/kvsetkeys/kvs
etkeys.sty
Package: kvsetkeys 2019/12/15 v1.18 Key value parser (HO)
)
(c:/Users/haqiq001/AppData/Roaming/TinyTeX/texmf-dist/tex/generic/kvdefinekeys/
kvdefinekeys.sty
Package: kvdefinekeys 2019-12-19 v1.6 Define keys (HO)
)
(c:/Users/haqiq001/AppData/Roaming/TinyTeX/texmf-dist/tex/generic/pdfescape/pdf
escape.sty
Package: pdfescape 2019/12/09 v1.15 Implements pdfTeX's escape features (HO)
)
(c:/Users/haqiq001/AppData/Roaming/TinyTeX/texmf-dist/tex/latex/hycolor/hycolor
.sty
Package: hycolor 2020-01-27 v1.10 Color options for hyperref/bookmark (HO)
)
(c:/Users/haqiq001/AppData/Roaming/TinyTeX/texmf-dist/tex/latex/letltxmacro/let
ltxmacro.sty
Package: letltxmacro 2019/12/03 v1.6 Let assignment for LaTeX macros (HO)
)
(c:/Users/haqiq001/AppData/Roaming/TinyTeX/texmf-dist/tex/latex/auxhook/auxhook
.sty
Package: auxhook 2019-12-17 v1.6 Hooks for auxiliary files (HO)
)
(c:/Users/haqiq001/AppData/Roaming/TinyTeX/texmf-dist/tex/latex/kvoptions/kvopt
ions.sty
Package: kvoptions 2020-10-07 v3.14 Key value format for package options (HO)
)
\@linkdim=\dimen257
\Hy@linkcounter=\count288
\Hy@pagecounter=\count289

(c:/Users/haqiq001/AppData/Roaming/TinyTeX/texmf-dist/tex/latex/hyperref/pd1enc
.def
File: pd1enc.def 2021-06-07 v7.00m Hyperref: PDFDocEncoding definition (HO)
)
(c:/Users/haqiq001/AppData/Roaming/TinyTeX/texmf-dist/tex/latex/hyperref/hyperr
ef-langpatches.def
File: hyperref-langpatches.def 2021-06-07 v7.00m Hyperref: patches for babel la
nguages
)
(c:/Users/haqiq001/AppData/Roaming/TinyTeX/texmf-dist/tex/generic/intcalc/intca
lc.sty
Package: intcalc 2019/12/15 v1.3 Expandable calculations with integers (HO)
)
(c:/Users/haqiq001/AppData/Roaming/TinyTeX/texmf-dist/tex/generic/etexcmds/etex
cmds.sty
Package: etexcmds 2019/12/15 v1.7 Avoid name clashes with e-TeX commands (HO)
)
\Hy@SavedSpaceFactor=\count290

(c:/Users/haqiq001/AppData/Roaming/TinyTeX/texmf-dist/tex/latex/hyperref/puenc.
def
File: puenc.def 2021-06-07 v7.00m Hyperref: PDF Unicode definition (HO)
)
Package hyperref Info: Option `unicode' set `true' on input line 4073.
Package hyperref Info: Option `bookmarks' set `true' on input line 4073.
Package hyperref Info: Option `bookmarksopen' set `true' on input line 4073.
Package hyperref Info: Option `implicit' set `false' on input line 4073.
Package hyperref Info: Hyper figures OFF on input line 4192.
Package hyperref Info: Link nesting OFF on input line 4197.
Package hyperref Info: Hyper index ON on input line 4200.
Package hyperref Info: Plain pages OFF on input line 4207.
Package hyperref Info: Backreferencing OFF on input line 4212.
Package hyperref Info: Implicit mode OFF; no redefinition of LaTeX internals.
Package hyperref Info: Bookmarks ON on input line 4445.
\c@Hy@tempcnt=\count291
(c:/Users/haqiq001/AppData/Roaming/TinyTeX/texmf-dist/tex/latex/url/url.sty
\Urlmuskip=\muskip16
Package: url 2013/09/16  ver 3.4  Verb mode for urls, etc.
)
LaTeX Info: Redefining \url on input line 4804.
\XeTeXLinkMargin=\dimen258

(c:/Users/haqiq001/AppData/Roaming/TinyTeX/texmf-dist/tex/generic/bitset/bitset
.sty
Package: bitset 2019/12/09 v1.3 Handle bit-vector datatype (HO)

(c:/Users/haqiq001/AppData/Roaming/TinyTeX/texmf-dist/tex/generic/bigintcalc/bi
gintcalc.sty
Package: bigintcalc 2019/12/15 v1.5 Expandable calculations on big integers (HO
)
))
\Fld@menulength=\count292
\Field@Width=\dimen259
\Fld@charsize=\dimen260
Package hyperref Info: Hyper figures OFF on input line 6076.
Package hyperref Info: Link nesting OFF on input line 6081.
Package hyperref Info: Hyper index ON on input line 6084.
Package hyperref Info: backreferencing OFF on input line 6091.
Package hyperref Info: Link coloring OFF on input line 6096.
Package hyperref Info: Link coloring with OCG OFF on input line 6101.
Package hyperref Info: PDF/A mode OFF on input line 6106.
LaTeX Info: Redefining \ref on input line 6146.
LaTeX Info: Redefining \pageref on input line 6150.
\Hy@abspage=\count293

Package hyperref Message: Stopped early.

)
Package hyperref Info: Driver (autodetected): hxetex.

(c:/Users/haqiq001/AppData/Roaming/TinyTeX/texmf-dist/tex/latex/hyperref/hxetex
.def
File: hxetex.def 2021-06-07 v7.00m Hyperref driver for XeTeX

(c:/Users/haqiq001/AppData/Roaming/TinyTeX/texmf-dist/tex/generic/stringenc/str
ingenc.sty
Package: stringenc 2019/11/29 v1.12 Convert strings between diff. encodings (HO
)
)
\pdfm@box=\box65
\c@Hy@AnnotLevel=\count294
\HyField@AnnotCount=\count295
\Fld@listcount=\count296
\c@bookmark@seq@number=\count297

(c:/Users/haqiq001/AppData/Roaming/TinyTeX/texmf-dist/tex/latex/rerunfilecheck/
rerunfilecheck.sty
Package: rerunfilecheck 2019/12/05 v1.9 Rerun checks for auxiliary files (HO)

(c:/Users/haqiq001/AppData/Roaming/TinyTeX/texmf-dist/tex/latex/base/atveryend-
ltx.sty
Package: atveryend-ltx 2020/08/19 v1.0a Emulation of the original atvery packag
e
with kernel methods
)
(c:/Users/haqiq001/AppData/Roaming/TinyTeX/texmf-dist/tex/generic/uniquecounter
/uniquecounter.sty
Package: uniquecounter 2019/12/15 v1.4 Provide unlimited unique counter (HO)
)
Package uniquecounter Info: New unique counter `rerunfilecheck' on input line 2
86.
))
(c:/Users/haqiq001/AppData/Roaming/TinyTeX/texmf-dist/tex/latex/beamer/beamerba
serequires.sty
(c:/Users/haqiq001/AppData/Roaming/TinyTeX/texmf-dist/tex/latex/beamer/beamerba
secompatibility.sty)
(c:/Users/haqiq001/AppData/Roaming/TinyTeX/texmf-dist/tex/latex/beamer/beamerba
sefont.sty
(c:/Users/haqiq001/AppData/Roaming/TinyTeX/texmf-dist/tex/latex/amsfonts/amssym
b.sty
Package: amssymb 2013/01/14 v3.01 AMS font symbols

(c:/Users/haqiq001/AppData/Roaming/TinyTeX/texmf-dist/tex/latex/amsfonts/amsfon
ts.sty
Package: amsfonts 2013/01/14 v3.01 Basic AMSFonts support
\@emptytoks=\toks28
\symAMSa=\mathgroup4
\symAMSb=\mathgroup5
LaTeX Font Info:    Redeclaring math symbol \hbar on input line 98.
LaTeX Font Info:    Overwriting math alphabet `\mathfrak' in version `bold'
(Font)                  U/euf/m/n --> U/euf/b/n on input line 106.
)))
(c:/Users/haqiq001/AppData/Roaming/TinyTeX/texmf-dist/tex/latex/beamer/beamerba
setranslator.sty
(c:/Users/haqiq001/AppData/Roaming/TinyTeX/texmf-dist/tex/latex/translator/tran
slator.sty
Package: translator 2021-05-31 v1.12d Easy translation of strings in LaTeX
))
(c:/Users/haqiq001/AppData/Roaming/TinyTeX/texmf-dist/tex/latex/beamer/beamerba
semisc.sty)
(c:/Users/haqiq001/AppData/Roaming/TinyTeX/texmf-dist/tex/latex/beamer/beamerba
setwoscreens.sty)
(c:/Users/haqiq001/AppData/Roaming/TinyTeX/texmf-dist/tex/latex/beamer/beamerba
seoverlay.sty
\beamer@argscount=\count298
\beamer@lastskipcover=\skip50
\beamer@trivlistdepth=\count299
)
(c:/Users/haqiq001/AppData/Roaming/TinyTeX/texmf-dist/tex/latex/beamer/beamerba
setitle.sty)
(c:/Users/haqiq001/AppData/Roaming/TinyTeX/texmf-dist/tex/latex/beamer/beamerba
sesection.sty
\c@lecture=\count300
\c@part=\count301
\c@section=\count302
\c@subsection=\count303
\c@subsubsection=\count304
)
(c:/Users/haqiq001/AppData/Roaming/TinyTeX/texmf-dist/tex/latex/beamer/beamerba
seframe.sty
\beamer@framebox=\box66
\beamer@frametitlebox=\box67
\beamer@zoombox=\box68
\beamer@zoomcount=\count305
\beamer@zoomframecount=\count306
\beamer@frametextheight=\dimen261
\c@subsectionslide=\count307
\beamer@frametopskip=\skip51
\beamer@framebottomskip=\skip52
\beamer@frametopskipautobreak=\skip53
\beamer@framebottomskipautobreak=\skip54
\beamer@envbody=\toks29
\framewidth=\dimen262
\c@framenumber=\count308
)
(c:/Users/haqiq001/AppData/Roaming/TinyTeX/texmf-dist/tex/latex/beamer/beamerba
severbatim.sty
\beamer@verbatimfileout=\write4
)
(c:/Users/haqiq001/AppData/Roaming/TinyTeX/texmf-dist/tex/latex/beamer/beamerba
seframesize.sty
\beamer@splitbox=\box69
\beamer@autobreakcount=\count309
\beamer@autobreaklastheight=\dimen263
\beamer@frametitletoks=\toks30
\beamer@framesubtitletoks=\toks31
)
(c:/Users/haqiq001/AppData/Roaming/TinyTeX/texmf-dist/tex/latex/beamer/beamerba
seframecomponents.sty
\beamer@footins=\box70
)
(c:/Users/haqiq001/AppData/Roaming/TinyTeX/texmf-dist/tex/latex/beamer/beamerba
secolor.sty)
(c:/Users/haqiq001/AppData/Roaming/TinyTeX/texmf-dist/tex/latex/beamer/beamerba
senotes.sty
\beamer@frameboxcopy=\box71
)
(c:/Users/haqiq001/AppData/Roaming/TinyTeX/texmf-dist/tex/latex/beamer/beamerba
setoc.sty)
(c:/Users/haqiq001/AppData/Roaming/TinyTeX/texmf-dist/tex/latex/beamer/beamerba
setemplates.sty
\beamer@sbttoks=\toks32

(c:/Users/haqiq001/AppData/Roaming/TinyTeX/texmf-dist/tex/latex/beamer/beamerba
seauxtemplates.sty
(c:/Users/haqiq001/AppData/Roaming/TinyTeX/texmf-dist/tex/latex/beamer/beamerba
seboxes.sty
\bmb@box=\box72
\bmb@colorbox=\box73
\bmb@boxwidth=\dimen264
\bmb@boxheight=\dimen265
\bmb@prevheight=\dimen266
\bmb@temp=\dimen267
\bmb@dima=\dimen268
\bmb@dimb=\dimen269
\bmb@prevheight=\dimen270
)
\beamer@blockheadheight=\dimen271
))
(c:/Users/haqiq001/AppData/Roaming/TinyTeX/texmf-dist/tex/latex/beamer/beamerba
selocalstructure.sty
(c:/Users/haqiq001/AppData/Roaming/TinyTeX/texmf-dist/tex/latex/tools/enumerate
.sty
Package: enumerate 2015/07/23 v3.00 enumerate extensions (DPC)
\@enLab=\toks33
)
\beamer@bibiconwidth=\skip55
\c@figure=\count310
\c@table=\count311
\abovecaptionskip=\skip56
\belowcaptionskip=\skip57
)
(c:/Users/haqiq001/AppData/Roaming/TinyTeX/texmf-dist/tex/latex/beamer/beamerba
senavigation.sty
\beamer@section@min@dim=\dimen272
)
(c:/Users/haqiq001/AppData/Roaming/TinyTeX/texmf-dist/tex/latex/beamer/beamerba
setheorems.sty
(c:/Users/haqiq001/AppData/Roaming/TinyTeX/texmf-dist/tex/latex/amsmath/amsmath
.sty
Package: amsmath 2021/04/20 v2.17j AMS math features
\@mathmargin=\skip58
For additional information on amsmath, use the `?' option.

(c:/Users/haqiq001/AppData/Roaming/TinyTeX/texmf-dist/tex/latex/amsmath/amstext
.sty
Package: amstext 2000/06/29 v2.01 AMS text

(c:/Users/haqiq001/AppData/Roaming/TinyTeX/texmf-dist/tex/latex/amsmath/amsgen.
sty
File: amsgen.sty 1999/11/30 v2.0 generic functions
\@emptytoks=\toks34
\ex@=\dimen273
))
(c:/Users/haqiq001/AppData/Roaming/TinyTeX/texmf-dist/tex/latex/amsmath/amsbsy.
sty
Package: amsbsy 1999/11/29 v1.2d Bold Symbols
\pmbraise@=\dimen274
)
(c:/Users/haqiq001/AppData/Roaming/TinyTeX/texmf-dist/tex/latex/amsmath/amsopn.
sty
Package: amsopn 2016/03/08 v2.02 operator names
)
\inf@bad=\count312
LaTeX Info: Redefining \frac on input line 234.
\uproot@=\count313
\leftroot@=\count314
LaTeX Info: Redefining \overline on input line 399.
\classnum@=\count315
\DOTSCASE@=\count316
LaTeX Info: Redefining \ldots on input line 496.
LaTeX Info: Redefining \dots on input line 499.
LaTeX Info: Redefining \cdots on input line 620.
\Mathstrutbox@=\box74
\strutbox@=\box75
\big@size=\dimen275
LaTeX Font Info:    Redeclaring font encoding OML on input line 743.
LaTeX Font Info:    Redeclaring font encoding OMS on input line 744.
\macc@depth=\count317
\c@MaxMatrixCols=\count318
\dotsspace@=\muskip17
\c@parentequation=\count319
\dspbrk@lvl=\count320
\tag@help=\toks35
\row@=\count321
\column@=\count322
\maxfields@=\count323
\andhelp@=\toks36
\eqnshift@=\dimen276
\alignsep@=\dimen277
\tagshift@=\dimen278
\tagwidth@=\dimen279
\totwidth@=\dimen280
\lineht@=\dimen281
\@envbody=\toks37
\multlinegap=\skip59
\multlinetaggap=\skip60
\mathdisplay@stack=\toks38
LaTeX Info: Redefining \[ on input line 2923.
LaTeX Info: Redefining \] on input line 2924.
)
(c:/Users/haqiq001/AppData/Roaming/TinyTeX/texmf-dist/tex/latex/amscls/amsthm.s
ty
Package: amsthm 2020/05/29 v2.20.6
\thm@style=\toks39
\thm@bodyfont=\toks40
\thm@headfont=\toks41
\thm@notefont=\toks42
\thm@headpunct=\toks43
\thm@preskip=\skip61
\thm@postskip=\skip62
\thm@headsep=\skip63
\dth@everypar=\toks44
)
\c@theorem=\count324
)
(c:/Users/haqiq001/AppData/Roaming/TinyTeX/texmf-dist/tex/latex/beamer/beamerba
sethemes.sty))
(c:/Users/haqiq001/AppData/Roaming/TinyTeX/texmf-dist/tex/latex/beamer/beamerth
emedefault.sty
(c:/Users/haqiq001/AppData/Roaming/TinyTeX/texmf-dist/tex/latex/beamer/beamerfo
ntthemedefault.sty)
(c:/Users/haqiq001/AppData/Roaming/TinyTeX/texmf-dist/tex/latex/beamer/beamerco
lorthemedefault.sty)
(c:/Users/haqiq001/AppData/Roaming/TinyTeX/texmf-dist/tex/latex/beamer/beamerin
nerthemedefault.sty
\beamer@dima=\dimen282
\beamer@dimb=\dimen283
)
(c:/Users/haqiq001/AppData/Roaming/TinyTeX/texmf-dist/tex/latex/beamer/beamerou
terthemedefault.sty)))
(c:/Users/haqiq001/AppData/Roaming/TinyTeX/texmf-dist/tex/latex/pgf/utilities/p
gfpages.sty
Package: pgfpages 2011/01/05 ver 0.02
(c:/Users/haqiq001/AppData/Roaming/TinyTeX/texmf-dist/tex/latex/tools/calc.sty
Package: calc 2017/05/25 v4.3 Infix arithmetic (KKT,FJ)
\calc@Acount=\count325
\calc@Bcount=\count326
\calc@Adimen=\dimen284
\calc@Bdimen=\dimen285
\calc@Askip=\skip64
\calc@Bskip=\skip65
LaTeX Info: Redefining \setlength on input line 80.
LaTeX Info: Redefining \addtolength on input line 81.
\calc@Ccount=\count327
\calc@Cskip=\skip66
)
\pgf@logicalpages=\count328
\pgf@firstshipout=\count329
\pgf@lastshipout=\count330
\pgf@currentshipout=\count331
\pgf@cpn=\count332
\pgf@shipoutnextto=\count333
\pgfphysicalheight=\dimen286
\pgfphysicalwidth=\dimen287
\pgfpages@shipoutbox=\box76
) (c:/Users/haqiq001/AppData/Roaming/TinyTeX/texmf-dist/tex/latex/lm/lmodern.st
y
Package: lmodern 2015/05/01 v1.6.1 Latin Modern Fonts
LaTeX Font Info:    Overwriting symbol font `operators' in version `normal'
(Font)                  OT1/cmr/m/n --> OT1/lmr/m/n on input line 22.
LaTeX Font Info:    Overwriting symbol font `letters' in version `normal'
(Font)                  OML/cmm/m/it --> OML/lmm/m/it on input line 23.
LaTeX Font Info:    Overwriting symbol font `symbols' in version `normal'
(Font)                  OMS/cmsy/m/n --> OMS/lmsy/m/n on input line 24.
LaTeX Font Info:    Overwriting symbol font `largesymbols' in version `normal'
(Font)                  OMX/cmex/m/n --> OMX/lmex/m/n on input line 25.
LaTeX Font Info:    Overwriting symbol font `operators' in version `bold'
(Font)                  OT1/cmr/bx/n --> OT1/lmr/bx/n on input line 26.
LaTeX Font Info:    Overwriting symbol font `letters' in version `bold'
(Font)                  OML/cmm/b/it --> OML/lmm/b/it on input line 27.
LaTeX Font Info:    Overwriting symbol font `symbols' in version `bold'
(Font)                  OMS/cmsy/b/n --> OMS/lmsy/b/n on input line 28.
LaTeX Font Info:    Overwriting symbol font `largesymbols' in version `bold'
(Font)                  OMX/cmex/m/n --> OMX/lmex/m/n on input line 29.
LaTeX Font Info:    Overwriting math alphabet `\mathbf' in version `normal'
(Font)                  OT1/cmr/bx/n --> OT1/lmr/bx/n on input line 31.
LaTeX Font Info:    Overwriting math alphabet `\mathsf' in version `normal'
(Font)                  OT1/cmss/m/n --> OT1/lmss/m/n on input line 32.
LaTeX Font Info:    Overwriting math alphabet `\mathit' in version `normal'
(Font)                  OT1/cmr/m/it --> OT1/lmr/m/it on input line 33.
LaTeX Font Info:    Overwriting math alphabet `\mathtt' in version `normal'
(Font)                  OT1/cmtt/m/n --> OT1/lmtt/m/n on input line 34.
LaTeX Font Info:    Overwriting math alphabet `\mathbf' in version `bold'
(Font)                  OT1/cmr/bx/n --> OT1/lmr/bx/n on input line 35.
LaTeX Font Info:    Overwriting math alphabet `\mathsf' in version `bold'
(Font)                  OT1/cmss/bx/n --> OT1/lmss/bx/n on input line 36.
LaTeX Font Info:    Overwriting math alphabet `\mathit' in version `bold'
(Font)                  OT1/cmr/bx/it --> OT1/lmr/bx/it on input line 37.
LaTeX Font Info:    Overwriting math alphabet `\mathtt' in version `bold'
(Font)                  OT1/cmtt/m/n --> OT1/lmtt/m/n on input line 38.
)
(c:/Users/haqiq001/AppData/Roaming/TinyTeX/texmf-dist/tex/generic/iftex/ifxetex
.sty
Package: ifxetex 2019/10/25 v0.7 ifxetex legacy package. Use iftex instead.
)
(c:/Users/haqiq001/AppData/Roaming/TinyTeX/texmf-dist/tex/generic/iftex/ifluate
x.sty
Package: ifluatex 2019/10/25 v1.5 ifluatex legacy package. Use iftex instead.
)
(c:/Users/haqiq001/AppData/Roaming/TinyTeX/texmf-dist/tex/latex/unicode-math/un
icode-math.sty
(c:/Users/haqiq001/AppData/Roaming/TinyTeX/texmf-dist/tex/latex/l3kernel/expl3.
sty
Package: expl3 2021-07-12 L3 programming layer (loader) 

(c:/Users/haqiq001/AppData/Roaming/TinyTeX/texmf-dist/tex/latex/l3backend/l3bac
kend-xetex.def
File: l3backend-xetex.def 2021-07-12 L3 backend support: XeTeX
(|extractbb --version)
\c__kernel_sys_dvipdfmx_version_int=\count334
\l__color_backend_stack_int=\count335
\g__color_backend_stack_int=\count336
\g__graphics_track_int=\count337
\l__pdf_internal_box=\box77
\g__pdf_backend_object_int=\count338
\g__pdf_backend_annotation_int=\count339
\g__pdf_backend_link_int=\count340
))
Package: unicode-math 2020/01/31 v0.8q Unicode maths in XeLaTeX and LuaLaTeX

(c:/Users/haqiq001/AppData/Roaming/TinyTeX/texmf-dist/tex/latex/unicode-math/un
icode-math-xetex.sty
Package: unicode-math-xetex 2020/01/31 v0.8q Unicode maths in XeLaTeX and LuaLa
TeX

(c:/Users/haqiq001/AppData/Roaming/TinyTeX/texmf-dist/tex/latex/l3packages/xpar
se/xparse.sty
Package: xparse 2021-06-18 L3 Experimental document command parser
)
(c:/Users/haqiq001/AppData/Roaming/TinyTeX/texmf-dist/tex/latex/l3packages/l3ke
ys2e/l3keys2e.sty
Package: l3keys2e 2021-06-18 LaTeX2e option processing using LaTeX3 keys
)
(c:/Users/haqiq001/AppData/Roaming/TinyTeX/texmf-dist/tex/latex/fontspec/fontsp
ec.sty
Package: fontspec 2020/02/21 v2.7i Font selection for XeLaTeX and LuaLaTeX

(c:/Users/haqiq001/AppData/Roaming/TinyTeX/texmf-dist/tex/latex/fontspec/fontsp
ec-xetex.sty
Package: fontspec-xetex 2020/02/21 v2.7i Font selection for XeLaTeX and LuaLaTe
X
\l__fontspec_script_int=\count341
\l__fontspec_language_int=\count342
\l__fontspec_strnum_int=\count343
\l__fontspec_tmp_int=\count344
\l__fontspec_tmpa_int=\count345
\l__fontspec_tmpb_int=\count346
\l__fontspec_tmpc_int=\count347
\l__fontspec_em_int=\count348
\l__fontspec_emdef_int=\count349
\l__fontspec_strong_int=\count350
\l__fontspec_strongdef_int=\count351
\l__fontspec_tmpa_dim=\dimen288
\l__fontspec_tmpb_dim=\dimen289
\l__fontspec_tmpc_dim=\dimen290

(c:/Users/haqiq001/AppData/Roaming/TinyTeX/texmf-dist/tex/latex/base/fontenc.st
y
Package: fontenc 2021/04/29 v2.0v Standard LaTeX package
)
(c:/Users/haqiq001/AppData/Roaming/TinyTeX/texmf-dist/tex/latex/fontspec/fontsp
ec.cfg)))
(c:/Users/haqiq001/AppData/Roaming/TinyTeX/texmf-dist/tex/latex/base/fix-cm.sty
Package: fix-cm 2020/11/24 v1.1t fixes to LaTeX

(c:/Users/haqiq001/AppData/Roaming/TinyTeX/texmf-dist/tex/latex/base/ts1enc.def
File: ts1enc.def 2001/06/05 v3.0e (jk/car/fm) Standard LaTeX file
LaTeX Font Info:    Redeclaring font encoding TS1 on input line 47.
))
\g__um_fam_int=\count352
\g__um_fonts_used_int=\count353
\l__um_primecount_int=\count354
\g__um_primekern_muskip=\muskip18

(c:/Users/haqiq001/AppData/Roaming/TinyTeX/texmf-dist/tex/latex/unicode-math/un
icode-math-table.tex)))
(c:/Users/haqiq001/AppData/Roaming/TinyTeX/texmf-dist/tex/latex/beamertheme-met
ropolis/beamerthememetropolis.sty
Package: beamerthememetropolis 2017/01/23 v1.2 Metropolis Beamer theme

(c:/Users/haqiq001/AppData/Roaming/TinyTeX/texmf-dist/tex/latex/pgfopts/pgfopts
.sty
Package: pgfopts 2014/07/10 v2.1a LaTeX package options with pgfkeys

(c:/Users/haqiq001/AppData/Roaming/TinyTeX/texmf-dist/tex/latex/pgf/utilities/p
gfkeys.sty
(c:/Users/haqiq001/AppData/Roaming/TinyTeX/texmf-dist/tex/generic/pgf/utilities
/pgfkeys.code.tex))
\pgfopts@list@add@a@toks=\toks45
\pgfopts@list@add@b@toks=\toks46
)
(c:/Users/haqiq001/AppData/Roaming/TinyTeX/texmf-dist/tex/latex/beamertheme-met
ropolis/beamerinnerthememetropolis.sty
Package: beamerinnerthememetropolis 2017/01/23 Metropolis inner theme

(c:/Users/haqiq001/AppData/Roaming/TinyTeX/texmf-dist/tex/latex/pgf/frontendlay
er/tikz.sty
(c:/Users/haqiq001/AppData/Roaming/TinyTeX/texmf-dist/tex/latex/pgf/basiclayer/
pgf.sty
Package: pgf 2021/05/15 v3.1.9a (3.1.9a)

(c:/Users/haqiq001/AppData/Roaming/TinyTeX/texmf-dist/tex/generic/pgf/modules/p
gfmoduleshapes.code.tex
File: pgfmoduleshapes.code.tex 2021/05/15 v3.1.9a (3.1.9a)
\pgfnodeparttextbox=\box78
)
(c:/Users/haqiq001/AppData/Roaming/TinyTeX/texmf-dist/tex/generic/pgf/modules/p
gfmoduleplot.code.tex
File: pgfmoduleplot.code.tex 2021/05/15 v3.1.9a (3.1.9a)
)
(c:/Users/haqiq001/AppData/Roaming/TinyTeX/texmf-dist/tex/latex/pgf/compatibili
ty/pgfcomp-version-0-65.sty
Package: pgfcomp-version-0-65 2021/05/15 v3.1.9a (3.1.9a)
\pgf@nodesepstart=\dimen291
\pgf@nodesepend=\dimen292
)
(c:/Users/haqiq001/AppData/Roaming/TinyTeX/texmf-dist/tex/latex/pgf/compatibili
ty/pgfcomp-version-1-18.sty
Package: pgfcomp-version-1-18 2021/05/15 v3.1.9a (3.1.9a)
))
(c:/Users/haqiq001/AppData/Roaming/TinyTeX/texmf-dist/tex/latex/pgf/utilities/p
gffor.sty
(c:/Users/haqiq001/AppData/Roaming/TinyTeX/texmf-dist/tex/latex/pgf/math/pgfmat
h.sty
(c:/Users/haqiq001/AppData/Roaming/TinyTeX/texmf-dist/tex/generic/pgf/math/pgfm
ath.code.tex))
(c:/Users/haqiq001/AppData/Roaming/TinyTeX/texmf-dist/tex/generic/pgf/utilities
/pgffor.code.tex
Package: pgffor 2021/05/15 v3.1.9a (3.1.9a)

(c:/Users/haqiq001/AppData/Roaming/TinyTeX/texmf-dist/tex/generic/pgf/math/pgfm
ath.code.tex)
\pgffor@iter=\dimen293
\pgffor@skip=\dimen294
\pgffor@stack=\toks47
\pgffor@toks=\toks48
))
(c:/Users/haqiq001/AppData/Roaming/TinyTeX/texmf-dist/tex/generic/pgf/frontendl
ayer/tikz/tikz.code.tex
Package: tikz 2021/05/15 v3.1.9a (3.1.9a)

(c:/Users/haqiq001/AppData/Roaming/TinyTeX/texmf-dist/tex/generic/pgf/libraries
/pgflibraryplothandlers.code.tex
File: pgflibraryplothandlers.code.tex 2021/05/15 v3.1.9a (3.1.9a)
\pgf@plot@mark@count=\count355
\pgfplotmarksize=\dimen295
)
\tikz@lastx=\dimen296
\tikz@lasty=\dimen297
\tikz@lastxsaved=\dimen298
\tikz@lastysaved=\dimen299
\tikz@lastmovetox=\dimen300
\tikz@lastmovetoy=\dimen301
\tikzleveldistance=\dimen302
\tikzsiblingdistance=\dimen303
\tikz@figbox=\box79
\tikz@figbox@bg=\box80
\tikz@tempbox=\box81
\tikz@tempbox@bg=\box82
\tikztreelevel=\count356
\tikznumberofchildren=\count357
\tikznumberofcurrentchild=\count358
\tikz@fig@count=\count359

(c:/Users/haqiq001/AppData/Roaming/TinyTeX/texmf-dist/tex/generic/pgf/modules/p
gfmodulematrix.code.tex
File: pgfmodulematrix.code.tex 2021/05/15 v3.1.9a (3.1.9a)
\pgfmatrixcurrentrow=\count360
\pgfmatrixcurrentcolumn=\count361
\pgf@matrix@numberofcolumns=\count362
)
\tikz@expandcount=\count363

(c:/Users/haqiq001/AppData/Roaming/TinyTeX/texmf-dist/tex/generic/pgf/frontendl
ayer/tikz/libraries/tikzlibrarytopaths.code.tex
File: tikzlibrarytopaths.code.tex 2021/05/15 v3.1.9a (3.1.9a)
)))
\metropolis@titleseparator@linewidth=\skip67
\metropolis@progressonsectionpage=\skip68
\metropolis@progressonsectionpage@linewidth=\skip69
\metropolis@blocksep=\skip70
\metropolis@blockadjust=\skip71
\metropolis@parskip=\skip72
)
(c:/Users/haqiq001/AppData/Roaming/TinyTeX/texmf-dist/tex/latex/beamertheme-met
ropolis/beamerouterthememetropolis.sty
Package: beamerouterthememetropolis 2017/01/23 Metropolis outer theme
\metropolis@frametitle@padding=\skip73
\metropolis@progressinheadfoot=\skip74
\metropolis@progressinheadfoot@linewidth=\skip75
)
(c:/Users/haqiq001/AppData/Roaming/TinyTeX/texmf-dist/tex/latex/beamertheme-met
ropolis/beamercolorthememetropolis.sty
Package: beamercolorthememetropolis 2017/01/23 Metropolis color theme
)
(c:/Users/haqiq001/AppData/Roaming/TinyTeX/texmf-dist/tex/latex/beamertheme-met
ropolis/beamerfontthememetropolis.sty
Package: beamerfontthememetropolis 2017/01/23 Metropolis font theme
\c@fontsnotfound=\count364

Package beamerthememetropolis Warning: Could not find Fira Sans fonts on input 
line 95.


Package beamerthememetropolis Warning: Could not find Fira Mono fonts on input 
line 95.

))
(c:/Users/haqiq001/AppData/Roaming/TinyTeX/texmf-dist/tex/latex/microtype/micro
type.sty
Package: microtype 2021/03/14 v2.8c Micro-typographical refinements (RS)
\MT@toks=\toks49
\MT@count=\count365
LaTeX Info: Redefining \textls on input line 790.
\MT@outer@kern=\dimen304
LaTeX Info: Redefining \textmicrotypecontext on input line 1374.
\MT@listname@count=\count366

(c:/Users/haqiq001/AppData/Roaming/TinyTeX/texmf-dist/tex/latex/microtype/micro
type-xetex.def
File: microtype-xetex.def 2021/03/14 v2.8c Definitions specific to xetex (RS)
LaTeX Info: Redefining \lsstyle on input line 254.
)
Package microtype Info: Loading configuration file microtype.cfg.

(c:/Users/haqiq001/AppData/Roaming/TinyTeX/texmf-dist/tex/latex/microtype/micro
type.cfg
File: microtype.cfg 2021/03/14 v2.8c microtype main configuration file (RS)
))
(c:/Users/haqiq001/AppData/Roaming/TinyTeX/texmf-dist/tex/latex/fancyvrb/fancyv
rb.sty
Package: fancyvrb 2021/01/20 v3.7 verbatim text (tvz,hv)
\FV@CodeLineNo=\count367
\FV@InFile=\read3
\FV@TabBox=\box83
\c@FancyVerbLine=\count368
\FV@StepNumber=\count369
\FV@OutFile=\write5
)
(c:/Users/haqiq001/AppData/Roaming/TinyTeX/texmf-dist/tex/latex/framed/framed.s
ty
Package: framed 2011/10/22 v 0.96: framed or shaded text with page breaks
\OuterFrameSep=\skip76
\fb@frw=\dimen305
\fb@frh=\dimen306
\FrameRule=\dimen307
\FrameSep=\dimen308
) (./1A-Lecture-Data-Visualization.aux)
\openout1 = `1A-Lecture-Data-Visualization.aux'.

LaTeX Font Info:    Checking defaults for OML/cmm/m/it on input line 152.
LaTeX Font Info:    ... okay on input line 152.
LaTeX Font Info:    Checking defaults for OMS/cmsy/m/n on input line 152.
LaTeX Font Info:    ... okay on input line 152.
LaTeX Font Info:    Checking defaults for OT1/cmr/m/n on input line 152.
LaTeX Font Info:    ... okay on input line 152.
LaTeX Font Info:    Checking defaults for T1/cmr/m/n on input line 152.
LaTeX Font Info:    ... okay on input line 152.
LaTeX Font Info:    Checking defaults for TS1/cmr/m/n on input line 152.
LaTeX Font Info:    ... okay on input line 152.
LaTeX Font Info:    Checking defaults for TU/lmr/m/n on input line 152.
LaTeX Font Info:    ... okay on input line 152.
LaTeX Font Info:    Checking defaults for OMX/cmex/m/n on input line 152.
LaTeX Font Info:    ... okay on input line 152.
LaTeX Font Info:    Checking defaults for U/cmr/m/n on input line 152.
LaTeX Font Info:    ... okay on input line 152.
LaTeX Font Info:    Checking defaults for PD1/pdf/m/n on input line 152.
LaTeX Font Info:    ... okay on input line 152.
LaTeX Font Info:    Checking defaults for PU/pdf/m/n on input line 152.
LaTeX Font Info:    ... okay on input line 152.
*geometry* driver: auto-detecting
*geometry* detected driver: xetex
*geometry* verbose mode - [ preamble ] result:
* driver: xetex
* paper: custom
* layout: <same size as paper>
* layoutoffset:(h,v)=(0.0pt,0.0pt)
* modes: includehead includefoot 
* h-part:(L,W,R)=(28.45274pt, 307.28987pt, 28.45274pt)
* v-part:(T,H,B)=(0.0pt, 273.14662pt, 0.0pt)
* \paperwidth=364.19536pt
* \paperheight=273.14662pt
* \textwidth=307.28987pt
* \textheight=244.6939pt
* \oddsidemargin=-43.81725pt
* \evensidemargin=-43.81725pt
* \topmargin=-72.26999pt
* \headheight=14.22636pt
* \headsep=0.0pt
* \topskip=10.0pt
* \footskip=14.22636pt
* \marginparwidth=3.0pt
* \marginparsep=11.0pt
* \columnsep=10.0pt
* \skip\footins=9.0pt plus 4.0pt minus 2.0pt
* \hoffset=0.0pt
* \voffset=0.0pt
* \mag=1000
* \@twocolumnfalse
* \@twosidefalse
* \@mparswitchfalse
* \@reversemarginfalse
* (1in=72.27pt=25.4mm, 1cm=28.453pt)

Package hyperref Info: Link coloring OFF on input line 152.

(c:/Users/haqiq001/AppData/Roaming/TinyTeX/texmf-dist/tex/latex/hyperref/namere
f.sty
Package: nameref 2021-04-02 v2.47 Cross-referencing by name of section

(c:/Users/haqiq001/AppData/Roaming/TinyTeX/texmf-dist/tex/latex/refcount/refcou
nt.sty
Package: refcount 2019/12/15 v3.6 Data extraction from label references (HO)
)
(c:/Users/haqiq001/AppData/Roaming/TinyTeX/texmf-dist/tex/generic/gettitlestrin
g/gettitlestring.sty
Package: gettitlestring 2019/12/15 v1.6 Cleanup title references (HO)
)
\c@section@level=\count370
)
LaTeX Info: Redefining \ref on input line 152.
LaTeX Info: Redefining \pageref on input line 152.
LaTeX Info: Redefining \nameref on input line 152.
(./1A-Lecture-Data-Visualization.out) (./1A-Lecture-Data-Visualization.out)
\@outlinefile=\write6
\openout6 = `1A-Lecture-Data-Visualization.out'.


(c:/Users/haqiq001/AppData/Roaming/TinyTeX/texmf-dist/tex/latex/translator/tran
slator-basic-dictionary-English.dict
Dictionary: translator-basic-dictionary, Language: English 
)
(c:/Users/haqiq001/AppData/Roaming/TinyTeX/texmf-dist/tex/latex/translator/tran
slator-bibliography-dictionary-English.dict
Dictionary: translator-bibliography-dictionary, Language: English 
)
(c:/Users/haqiq001/AppData/Roaming/TinyTeX/texmf-dist/tex/latex/translator/tran
slator-environment-dictionary-English.dict
Dictionary: translator-environment-dictionary, Language: English 
)
(c:/Users/haqiq001/AppData/Roaming/TinyTeX/texmf-dist/tex/latex/translator/tran
slator-months-dictionary-English.dict
Dictionary: translator-months-dictionary, Language: English 
)
(c:/Users/haqiq001/AppData/Roaming/TinyTeX/texmf-dist/tex/latex/translator/tran
slator-numbers-dictionary-English.dict
Dictionary: translator-numbers-dictionary, Language: English 
)
(c:/Users/haqiq001/AppData/Roaming/TinyTeX/texmf-dist/tex/latex/translator/tran
slator-theorem-dictionary-English.dict
Dictionary: translator-theorem-dictionary, Language: English 
)
LaTeX Font Info:    Overwriting math alphabet `\mathrm' in version `normal'
(Font)                  OT1/lmr/m/n --> TU/lmr/m/n on input line 152.
LaTeX Font Info:    Overwriting math alphabet `\mathit' in version `normal'
(Font)                  OT1/lmr/m/it --> TU/lmr/m/it on input line 152.
LaTeX Font Info:    Overwriting math alphabet `\mathbf' in version `normal'
(Font)                  OT1/lmr/bx/n --> TU/lmr/bx/n on input line 152.
LaTeX Font Info:    Overwriting math alphabet `\mathsf' in version `normal'
(Font)                  OT1/lmss/m/n --> TU/lmss/m/n on input line 152.
LaTeX Font Info:    Overwriting math alphabet `\mathsf' in version `bold'
(Font)                  OT1/lmss/bx/n --> TU/lmss/bx/n on input line 152.
LaTeX Font Info:    Overwriting math alphabet `\mathtt' in version `normal'
(Font)                  OT1/lmtt/m/n --> TU/lmtt/m/n on input line 152.
LaTeX Font Info:    Overwriting math alphabet `\mathtt' in version `bold'
(Font)                  OT1/lmtt/m/n --> TU/lmtt/bx/n on input line 152.

Package fontspec Info: latinmodern-math scale = 1.030159915882193.


Package fontspec Info: latinmodern-math scale = 1.030159915882193.


Package fontspec Info: latinmodern-math scale = 1.030159915882193.


Package fontspec Info: Font family 'latinmodern-math.otf(0)' created for font
(fontspec)             'latinmodern-math.otf' with options
(fontspec)             [Scale=MatchLowercase,BoldItalicFont={},ItalicFont={},Sm
allCapsFont={},Script=Math,BoldFont={latinmodern-math.otf}].
(fontspec)              
(fontspec)              This font family consists of the following NFSS
(fontspec)             series/shapes:
(fontspec)              
(fontspec)             - 'normal' (m/n) with NFSS spec.:
(fontspec)             <->s*[1.030159915882193]"[latinmodern-math.otf]/OT:scrip
t=math;language=dflt;"
(fontspec)             - 'small caps'  (m/sc) with NFSS spec.: 
(fontspec)             - 'bold' (b/n) with NFSS spec.:
(fontspec)             <->s*[1.030159915882193]"[latinmodern-math.otf]/OT:scrip
t=math;language=dflt;"
(fontspec)             - 'bold small caps'  (b/sc) with NFSS spec.: 

LaTeX Font Info:    Font shape `TU/latinmodern-math.otf(0)/m/n' will be
(Font)              scaled to size 10.30167pt on input line 152.

Package fontspec Info: latinmodern-math scale = 1.030159915882193.


Package fontspec Info: latinmodern-math scale = 1.030159915882193.


Package fontspec Info: latinmodern-math scale = 1.030159915882193.


Package fontspec Info: latinmodern-math scale = 1.030159915882193.


Package fontspec Info: latinmodern-math scale = 1.030159915882193.


Package fontspec Info: Font family 'latinmodern-math.otf(1)' created for font
(fontspec)             'latinmodern-math.otf' with options
(fontspec)             [Scale=MatchLowercase,BoldItalicFont={},ItalicFont={},Sm
allCapsFont={},Script=Math,SizeFeatures={{Size=8.5-},{Size=6-8.5,Font=latinmode
rn-math.otf,Style=MathScript},{Size=-6,Font=latinmodern-math.otf,Style=MathScri
ptScript}},BoldFont={latinmodern-math.otf}].
(fontspec)              
(fontspec)              This font family consists of the following NFSS
(fontspec)             series/shapes:
(fontspec)              
(fontspec)             - 'normal' (m/n) with NFSS spec.:
(fontspec)             <8.5->s*[1.030159915882193]"[latinmodern-math.otf]/OT:sc
ript=math;language=dflt;"<6-8.5>s*[1.030159915882193]"[latinmodern-math.otf]/OT
:script=math;language=dflt;+ssty=0;"<-6>s*[1.030159915882193]"[latinmodern-math
.otf]/OT:script=math;language=dflt;+ssty=1;"
(fontspec)             - 'small caps'  (m/sc) with NFSS spec.: 
(fontspec)             - 'bold' (b/n) with NFSS spec.:
(fontspec)             <->s*[1.030159915882193]"[latinmodern-math.otf]/OT:scrip
t=math;language=dflt;"
(fontspec)             - 'bold small caps'  (b/sc) with NFSS spec.: 

LaTeX Font Info:    Font shape `TU/latinmodern-math.otf(1)/m/n' will be
(Font)              scaled to size 10.30167pt on input line 152.
LaTeX Font Info:    Encoding `OT1' has changed to `TU' for symbol font
(Font)              `operators' in the math version `normal' on input line 152.

LaTeX Font Info:    Overwriting symbol font `operators' in version `normal'
(Font)                  OT1/lmr/m/n --> TU/latinmodern-math.otf(1)/m/n on input
 line 152.
LaTeX Font Info:    Encoding `OT1' has changed to `TU' for symbol font
(Font)              `operators' in the math version `bold' on input line 152.
LaTeX Font Info:    Overwriting symbol font `operators' in version `bold'
(Font)                  OT1/lmr/bx/n --> TU/latinmodern-math.otf(1)/b/n on inpu
t line 152.

Package fontspec Info: latinmodern-math scale = 1.030159915882193.


Package fontspec Info: latinmodern-math scale = 1.030262931873781.


Package fontspec Info: latinmodern-math scale = 1.030159915882193.


Package fontspec Info: latinmodern-math scale = 1.030262931873781.


Package fontspec Info: latinmodern-math scale = 1.030159915882193.


Package fontspec Info: latinmodern-math scale = 1.030262931873781.


Package fontspec Info: latinmodern-math scale = 1.030159915882193.


Package fontspec Info: latinmodern-math scale = 1.030262931873781.


Package fontspec Info: latinmodern-math scale = 1.030159915882193.


Package fontspec Info: latinmodern-math scale = 1.030262931873781.


Package fontspec Info: Font family 'latinmodern-math.otf(2)' created for font
(fontspec)             'latinmodern-math.otf' with options
(fontspec)             [Scale=MatchLowercase,BoldItalicFont={},ItalicFont={},Sm
allCapsFont={},Script=Math,SizeFeatures={{Size=8.5-},{Size=6-8.5,Font=latinmode
rn-math.otf,Style=MathScript},{Size=-6,Font=latinmodern-math.otf,Style=MathScri
ptScript}},BoldFont={latinmodern-math.otf},ScaleAgain=1.0001,FontAdjustment={\f
ontdimen
(fontspec)             8\font =6.97423pt\relax \fontdimen 9\font
(fontspec)             =4.05885pt\relax \fontdimen 10\font =4.57394pt\relax
(fontspec)             \fontdimen 11\font =7.06694pt\relax \fontdimen 12\font
(fontspec)             =3.55408pt\relax \fontdimen 13\font =3.7395pt\relax
(fontspec)             \fontdimen 14\font =3.7395pt\relax \fontdimen 15\font
(fontspec)             =2.97719pt\relax \fontdimen 16\font =2.54451pt\relax
(fontspec)             \fontdimen 17\font =2.54451pt\relax \fontdimen 18\font
(fontspec)             =2.57542pt\relax \fontdimen 19\font =2.06033pt\relax
(fontspec)             \fontdimen 22\font =2.57542pt\relax \fontdimen 20\font
(fontspec)             =0pt\relax \fontdimen 21\font =0pt\relax }].
(fontspec)              
(fontspec)              This font family consists of the following NFSS
(fontspec)             series/shapes:
(fontspec)              
(fontspec)             - 'normal' (m/n) with NFSS spec.:
(fontspec)             <8.5->s*[1.030262931873781]"[latinmodern-math.otf]/OT:sc
ript=math;language=dflt;"<6-8.5>s*[1.030262931873781]"[latinmodern-math.otf]/OT
:script=math;language=dflt;+ssty=0;"<-6>s*[1.030262931873781]"[latinmodern-math
.otf]/OT:script=math;language=dflt;+ssty=1;"
(fontspec)             - 'small caps'  (m/sc) with NFSS spec.: 
(fontspec)             and font adjustment code:
(fontspec)             \fontdimen 8\font =6.97423pt\relax \fontdimen 9\font
(fontspec)             =4.05885pt\relax \fontdimen 10\font =4.57394pt\relax
(fontspec)             \fontdimen 11\font =7.06694pt\relax \fontdimen 12\font
(fontspec)             =3.55408pt\relax \fontdimen 13\font =3.7395pt\relax
(fontspec)             \fontdimen 14\font =3.7395pt\relax \fontdimen 15\font
(fontspec)             =2.97719pt\relax \fontdimen 16\font =2.54451pt\relax
(fontspec)             \fontdimen 17\font =2.54451pt\relax \fontdimen 18\font
(fontspec)             =2.57542pt\relax \fontdimen 19\font =2.06033pt\relax
(fontspec)             \fontdimen 22\font =2.57542pt\relax \fontdimen 20\font
(fontspec)             =0pt\relax \fontdimen 21\font =0pt\relax 
(fontspec)             - 'bold' (b/n) with NFSS spec.:
(fontspec)             <->s*[1.030262931873781]"[latinmodern-math.otf]/OT:scrip
t=math;language=dflt;"
(fontspec)             - 'bold small caps'  (b/sc) with NFSS spec.: 
(fontspec)             and font adjustment code:
(fontspec)             \fontdimen 8\font =6.97423pt\relax \fontdimen 9\font
(fontspec)             =4.05885pt\relax \fontdimen 10\font =4.57394pt\relax
(fontspec)             \fontdimen 11\font =7.06694pt\relax \fontdimen 12\font
(fontspec)             =3.55408pt\relax \fontdimen 13\font =3.7395pt\relax
(fontspec)             \fontdimen 14\font =3.7395pt\relax \fontdimen 15\font
(fontspec)             =2.97719pt\relax \fontdimen 16\font =2.54451pt\relax
(fontspec)             \fontdimen 17\font =2.54451pt\relax \fontdimen 18\font
(fontspec)             =2.57542pt\relax \fontdimen 19\font =2.06033pt\relax
(fontspec)             \fontdimen 22\font =2.57542pt\relax \fontdimen 20\font
(fontspec)             =0pt\relax \fontdimen 21\font =0pt\relax 

LaTeX Font Info:    Encoding `OMS' has changed to `TU' for symbol font
(Font)              `symbols' in the math version `normal' on input line 152.
LaTeX Font Info:    Overwriting symbol font `symbols' in version `normal'
(Font)                  OMS/lmsy/m/n --> TU/latinmodern-math.otf(2)/m/n on inpu
t line 152.
LaTeX Font Info:    Encoding `OMS' has changed to `TU' for symbol font
(Font)              `symbols' in the math version `bold' on input line 152.
LaTeX Font Info:    Overwriting symbol font `symbols' in version `bold'
(Font)                  OMS/lmsy/b/n --> TU/latinmodern-math.otf(2)/b/n on inpu
t line 152.

Package fontspec Info: latinmodern-math scale = 1.030159915882193.


Package fontspec Info: latinmodern-math scale = 1.030056899890605.


Package fontspec Info: latinmodern-math scale = 1.030159915882193.


Package fontspec Info: latinmodern-math scale = 1.030056899890605.


Package fontspec Info: latinmodern-math scale = 1.030159915882193.


Package fontspec Info: latinmodern-math scale = 1.030056899890605.


Package fontspec Info: latinmodern-math scale = 1.030159915882193.


Package fontspec Info: latinmodern-math scale = 1.030056899890605.


Package fontspec Info: latinmodern-math scale = 1.030159915882193.


Package fontspec Info: latinmodern-math scale = 1.030056899890605.


Package fontspec Info: Font family 'latinmodern-math.otf(3)' created for font
(fontspec)             'latinmodern-math.otf' with options
(fontspec)             [Scale=MatchLowercase,BoldItalicFont={},ItalicFont={},Sm
allCapsFont={},Script=Math,SizeFeatures={{Size=8.5-},{Size=6-8.5,Font=latinmode
rn-math.otf,Style=MathScript},{Size=-6,Font=latinmodern-math.otf,Style=MathScri
ptScript}},BoldFont={latinmodern-math.otf},ScaleAgain=0.9999,FontAdjustment={\f
ontdimen
(fontspec)             8\font =0.41206pt\relax \fontdimen 9\font
(fontspec)             =2.06033pt\relax \fontdimen 10\font =1.72038pt\relax
(fontspec)             \fontdimen 11\font =1.14348pt\relax \fontdimen 12\font
(fontspec)             =6.181pt\relax \fontdimen 13\font =0pt\relax }].
(fontspec)              
(fontspec)              This font family consists of the following NFSS
(fontspec)             series/shapes:
(fontspec)              
(fontspec)             - 'normal' (m/n) with NFSS spec.:
(fontspec)             <8.5->s*[1.030056899890605]"[latinmodern-math.otf]/OT:sc
ript=math;language=dflt;"<6-8.5>s*[1.030056899890605]"[latinmodern-math.otf]/OT
:script=math;language=dflt;+ssty=0;"<-6>s*[1.030056899890605]"[latinmodern-math
.otf]/OT:script=math;language=dflt;+ssty=1;"
(fontspec)             - 'small caps'  (m/sc) with NFSS spec.: 
(fontspec)             and font adjustment code:
(fontspec)             \fontdimen 8\font =0.41206pt\relax \fontdimen 9\font
(fontspec)             =2.06033pt\relax \fontdimen 10\font =1.72038pt\relax
(fontspec)             \fontdimen 11\font =1.14348pt\relax \fontdimen 12\font
(fontspec)             =6.181pt\relax \fontdimen 13\font =0pt\relax 
(fontspec)             - 'bold' (b/n) with NFSS spec.:
(fontspec)             <->s*[1.030056899890605]"[latinmodern-math.otf]/OT:scrip
t=math;language=dflt;"
(fontspec)             - 'bold small caps'  (b/sc) with NFSS spec.: 
(fontspec)             and font adjustment code:
(fontspec)             \fontdimen 8\font =0.41206pt\relax \fontdimen 9\font
(fontspec)             =2.06033pt\relax \fontdimen 10\font =1.72038pt\relax
(fontspec)             \fontdimen 11\font =1.14348pt\relax \fontdimen 12\font
(fontspec)             =6.181pt\relax \fontdimen 13\font =0pt\relax 

LaTeX Font Info:    Encoding `OMX' has changed to `TU' for symbol font
(Font)              `largesymbols' in the math version `normal' on input line 1
52.
LaTeX Font Info:    Overwriting symbol font `largesymbols' in version `normal'
(Font)                  OMX/lmex/m/n --> TU/latinmodern-math.otf(3)/m/n on inpu
t line 152.
LaTeX Font Info:    Encoding `OMX' has changed to `TU' for symbol font
(Font)              `largesymbols' in the math version `bold' on input line 152
.
LaTeX Font Info:    Overwriting symbol font `largesymbols' in version `bold'
(Font)                  OMX/lmex/m/n --> TU/latinmodern-math.otf(3)/b/n on inpu
t line 152.
LaTeX Info: Redefining \microtypecontext on input line 152.
Package microtype Info: Character protrusion enabled (level 2).
Package microtype Info: Using protrusion set `basicmath'.
Package microtype Info: No adjustment of tracking.
Package microtype Info: No adjustment of spacing.
Package microtype Info: No adjustment of kerning.
Package microtype Info: Loading generic protrusion settings for font family
(microtype)             `lmss' (encoding: TU).
(microtype)             For optimal results, create family-specific settings.
(microtype)             See the microtype manual for details.
(./1A-Lecture-Data-Visualization.nav)
Overfull \vbox (39.66992pt too high) detected at line 153
 []

[1

]
File: pics/content.png Graphic file (type bmp)
<pics/content.png>
[2

] [3

]
LaTeX Font Info:    Font shape `TU/latinmodern-math.otf(1)/m/n' will be
(Font)              scaled to size 7.21117pt on input line 191.
LaTeX Font Info:    Font shape `TU/latinmodern-math.otf(1)/m/n' will be
(Font)              scaled to size 5.15083pt on input line 191.
LaTeX Font Info:    Trying to load font information for OML+lmm on input line 1
91.
(c:/Users/haqiq001/AppData/Roaming/TinyTeX/texmf-dist/tex/latex/lm/omllmm.fd
File: omllmm.fd 2015/05/01 v1.6.1 Font defs for Latin Modern
)
LaTeX Font Info:    Font shape `TU/latinmodern-math.otf(2)/m/n' will be
(Font)              scaled to size 10.30258pt on input line 191.
LaTeX Font Info:    Font shape `TU/latinmodern-math.otf(2)/m/n' will be
(Font)              scaled to size 7.2118pt on input line 191.
LaTeX Font Info:    Font shape `TU/latinmodern-math.otf(2)/m/n' will be
(Font)              scaled to size 5.15129pt on input line 191.
LaTeX Font Info:    Font shape `TU/latinmodern-math.otf(3)/m/n' will be
(Font)              scaled to size 10.3006pt on input line 191.
LaTeX Font Info:    Font shape `TU/latinmodern-math.otf(3)/m/n' will be
(Font)              scaled to size 7.21042pt on input line 191.
LaTeX Font Info:    Font shape `TU/latinmodern-math.otf(3)/m/n' will be
(Font)              scaled to size 5.1503pt on input line 191.
LaTeX Font Info:    Trying to load font information for U+msa on input line 191
.

(c:/Users/haqiq001/AppData/Roaming/TinyTeX/texmf-dist/tex/latex/amsfonts/umsa.f
d
File: umsa.fd 2013/01/14 v3.01 AMS symbols A
)
(c:/Users/haqiq001/AppData/Roaming/TinyTeX/texmf-dist/tex/latex/microtype/mt-ms
a.cfg
File: mt-msa.cfg 2006/02/04 v1.1 microtype config. file: AMS symbols (a) (RS)
)
LaTeX Font Info:    Trying to load font information for U+msb on input line 191
.

(c:/Users/haqiq001/AppData/Roaming/TinyTeX/texmf-dist/tex/latex/amsfonts/umsb.f
d
File: umsb.fd 2013/01/14 v3.01 AMS symbols B
)
(c:/Users/haqiq001/AppData/Roaming/TinyTeX/texmf-dist/tex/latex/microtype/mt-ms
b.cfg
File: mt-msb.cfg 2005/06/01 v1.0 microtype config. file: AMS symbols (b) (RS)
) [4

]
File: pics/datascience.png Graphic file (type bmp)
<pics/datascience.png>

Overfull \vbox (13.55566pt too high) detected at line 196
 []

[5

] [6

]
File: pics/JohnSnow.jpg Graphic file (type bmp)
<pics/JohnSnow.jpg>
[7

] [8

] [9

]
File: pics/Tube_surface_area.png Graphic file (type bmp)
<pics/Tube_surface_area.png>
[10

]
File: pics/data-better-naked.png Graphic file (type bmp)
<pics/data-better-naked.png>

Overfull \vbox (24.6609pt too high) detected at line 270
 []

[11

]
File: pics/junk-diamonds.jpg Graphic file (type bmp)
<pics/junk-diamonds.jpg>
[12

]
File: pics/tufte-scatter.png Graphic file (type bmp)
<pics/tufte-scatter.png>
[13

] [14

]
File: pics/pie-coloring.png Graphic file (type bmp)
<pics/pie-coloring.png>
LaTeX Font Info:    Font shape `TU/lmss/m/it' in size <10> not available
(Font)              Font shape `TU/lmss/m/sl' tried instead on input line 305.

Overfull \vbox (19.0341pt too high) detected at line 305
 []

[15

]
File: pics/pie-vs-stacked.png Graphic file (type bmp)
<pics/pie-vs-stacked.png>

Overfull \vbox (14.5317pt too high) detected at line 310
 []

[16

]
\openout4 = `1A-Lecture-Data-Visualization.vrb'.

(./1A-Lecture-Data-Visualization.vrb
File: pics/boxplot-alternatives.png Graphic file (type bmp)
<pics/boxplot-alternatives.png>
) [17

]
File: pics/keep-1d.png Graphic file (type bmp)
<pics/keep-1d.png>

Overfull \vbox (13.00368pt too high) detected at line 332
 []

[18

]
File: pics/no-3d.png Graphic file (type bmp)
<pics/no-3d.png>

Overfull \vbox (0.54411pt too high) detected at line 339
 []

[19

]
File: pics/visualize-zero.png Graphic file (type bmp)
<pics/visualize-zero.png>
[20

]
File: pics/us-election.png Graphic file (type bmp)
<pics/us-election.png>
[21

]
\openout4 = `1A-Lecture-Data-Visualization.vrb'.

(./1A-Lecture-Data-Visualization.vrb
File: pics/cvd-test.jpg Graphic file (type bmp)
<pics/cvd-test.jpg>
)
Overfull \vbox (7.55048pt too high) detected at line 376
 []

[22

] [23

]
\openout4 = `1A-Lecture-Data-Visualization.vrb'.

(./1A-Lecture-Data-Visualization.vrb
File: pics/tidyverse.png Graphic file (type bmp)
<pics/tidyverse.png>
)
Overfull \vbox (7.1288pt too high) detected at line 386
 []

[24

]
File: pics/grammargraphics.png Graphic file (type bmp)
<pics/grammargraphics.png>
LaTeX Font Info:    Font shape `TU/lmtt/bx/n' in size <12> not available
(Font)              Font shape `TU/lmtt/b/n' tried instead on input line 399.
[25

]
File: pics/grammar.png Graphic file (type bmp)
<pics/grammar.png>
[26

]
File: pics/data-to-viz.png Graphic file (type bmp)
<pics/data-to-viz.png>
[27

]
File: pics/visual-parameters.png Graphic file (type bmp)
<pics/visual-parameters.png>

Overfull \vbox (14.52756pt too high) detected at line 421
 []

[28

]
LaTeX Font Info:    Font shape `TU/lmtt/bx/n' in size <14.4> not available
(Font)              Font shape `TU/lmtt/b/n' tried instead on input line 425.
[29

]
\openout4 = `1A-Lecture-Data-Visualization.vrb'.

(./1A-Lecture-Data-Visualization.vrb) [30

]
\openout4 = `1A-Lecture-Data-Visualization.vrb'.

(./1A-Lecture-Data-Visualization.vrb
File: 1A-Lecture-Data-Visualization_files/figure-beamer/unnamed-chunk-22-1.pdf 
Graphic file (type pdf)
<use 1A-Lecture-Data-Visualization_files/figure-beamer/unnamed-chunk-22-1.pdf>
) [31

]
\openout4 = `1A-Lecture-Data-Visualization.vrb'.

(./1A-Lecture-Data-Visualization.vrb) [32

]
\openout4 = `1A-Lecture-Data-Visualization.vrb'.

(./1A-Lecture-Data-Visualization.vrb
File: 1A-Lecture-Data-Visualization_files/figure-beamer/unnamed-chunk-24-1.pdf 
Graphic file (type pdf)
<use 1A-Lecture-Data-Visualization_files/figure-beamer/unnamed-chunk-24-1.pdf>
) [33

]
\openout4 = `1A-Lecture-Data-Visualization.vrb'.

(./1A-Lecture-Data-Visualization.vrb
File: 1A-Lecture-Data-Visualization_files/figure-beamer/unnamed-chunk-25-1.pdf 
Graphic file (type pdf)
<use 1A-Lecture-Data-Visualization_files/figure-beamer/unnamed-chunk-25-1.pdf>
)
Overfull \vbox (2.2428pt too high) detected at line 526
 []

[34

]
\openout4 = `1A-Lecture-Data-Visualization.vrb'.

(./1A-Lecture-Data-Visualization.vrb
File: 1A-Lecture-Data-Visualization_files/figure-beamer/unnamed-chunk-26-1.pdf 
Graphic file (type pdf)
<use 1A-Lecture-Data-Visualization_files/figure-beamer/unnamed-chunk-26-1.pdf>
) [35

]
\openout4 = `1A-Lecture-Data-Visualization.vrb'.

(./1A-Lecture-Data-Visualization.vrb
File: 1A-Lecture-Data-Visualization_files/figure-beamer/unnamed-chunk-27-1.pdf 
Graphic file (type pdf)
<use 1A-Lecture-Data-Visualization_files/figure-beamer/unnamed-chunk-27-1.pdf>
) [36

]
\openout4 = `1A-Lecture-Data-Visualization.vrb'.

(./1A-Lecture-Data-Visualization.vrb
File: 1A-Lecture-Data-Visualization_files/figure-beamer/unnamed-chunk-28-1.pdf 
Graphic file (type pdf)
<use 1A-Lecture-Data-Visualization_files/figure-beamer/unnamed-chunk-28-1.pdf>
)
Overfull \vbox (5.3722pt too high) detected at line 581
 []

[37

]
\openout4 = `1A-Lecture-Data-Visualization.vrb'.

(./1A-Lecture-Data-Visualization.vrb) [38

]
\tf@nav=\write7
\openout7 = `1A-Lecture-Data-Visualization.nav'.

\tf@toc=\write8
\openout8 = `1A-Lecture-Data-Visualization.toc'.

\tf@snm=\write9
\openout9 = `1A-Lecture-Data-Visualization.snm'.

(./1A-Lecture-Data-Visualization.aux)
Package rerunfilecheck Info: File `1A-Lecture-Data-Visualization.out' has not c
hanged.
(rerunfilecheck)             Checksum: 7D749DC49F9C0E91B815F74162DD2B5C;662.
 ) 
Here is how much of TeX's memory you used:
 32280 strings out of 478476
 665297 string characters out of 5857375
 1100769 words of memory out of 5000000
 51915 multiletter control sequences out of 15000+600000
 407047 words of font info for 69 fonts, out of 8000000 for 9000
 14 hyphenation exceptions out of 8191
 101i,13n,120p,1830b,740s stack positions out of 5000i,500n,10000p,200000b,80000s

Output written on 1A-Lecture-Data-Visualization.pdf (38 pages).
